{"/home/travis/build/arf/java-codegen-spring/generator-spring/lib/assert.spring.js":{"path":"/home/travis/build/arf/java-codegen-spring/generator-spring/lib/assert.spring.js","s":{"1":1,"2":1,"3":1,"4":1,"5":1,"6":4,"7":1,"8":6,"9":1,"10":6,"11":2,"12":2,"13":2,"14":6,"15":4,"16":4,"17":2,"18":2,"19":4,"20":2,"21":6,"22":2,"23":2,"24":2,"25":1,"26":2,"27":1,"28":1,"29":1,"30":1,"31":1,"32":1,"33":6,"34":2,"35":2,"36":2,"37":1},"b":{"1":[4,0],"2":[4,0],"3":[4,0],"4":[6,0],"5":[2,2],"6":[2,2],"7":[1,1],"8":[1,1]},"f":{"1":4,"2":6,"3":6,"4":2,"5":2,"6":4,"7":2,"8":2,"9":2,"10":2,"11":2},"fnMap":{"1":{"name":"getCheck","line":29,"loc":{"start":{"line":29,"column":0},"end":{"line":29,"column":26}}},"2":{"name":"getBuildCheck","line":37,"loc":{"start":{"line":37,"column":0},"end":{"line":37,"column":42}}},"3":{"name":"AssertSpring","line":43,"loc":{"start":{"line":43,"column":0},"end":{"line":43,"column":24}}},"4":{"name":"(anonymous_4)","line":44,"loc":{"start":{"line":44,"column":24},"end":{"line":44,"column":41}}},"5":{"name":"(anonymous_5)","line":46,"loc":{"start":{"line":46,"column":76},"end":{"line":46,"column":87}}},"6":{"name":"(anonymous_6)","line":51,"loc":{"start":{"line":51,"column":26},"end":{"line":51,"column":50}}},"7":{"name":"(anonymous_7)","line":54,"loc":{"start":{"line":54,"column":67},"end":{"line":54,"column":78}}},"8":{"name":"(anonymous_8)","line":63,"loc":{"start":{"line":63,"column":23},"end":{"line":63,"column":43}}},"9":{"name":"(anonymous_9)","line":64,"loc":{"start":{"line":64,"column":58},"end":{"line":64,"column":69}}},"10":{"name":"(anonymous_10)","line":80,"loc":{"start":{"line":80,"column":19},"end":{"line":80,"column":49}}},"11":{"name":"(anonymous_11)","line":82,"loc":{"start":{"line":82,"column":89},"end":{"line":82,"column":100}}}},"statementMap":{"1":{"start":{"line":22,"column":0},"end":{"line":22,"column":40}},"2":{"start":{"line":23,"column":0},"end":{"line":23,"column":42}},"3":{"start":{"line":25,"column":0},"end":{"line":25,"column":39}},"4":{"start":{"line":26,"column":0},"end":{"line":26,"column":69}},"5":{"start":{"line":29,"column":0},"end":{"line":35,"column":1}},"6":{"start":{"line":30,"column":2},"end":{"line":34,"column":3}},"7":{"start":{"line":37,"column":0},"end":{"line":41,"column":1}},"8":{"start":{"line":38,"column":2},"end":{"line":40,"column":3}},"9":{"start":{"line":43,"column":0},"end":{"line":86,"column":1}},"10":{"start":{"line":44,"column":2},"end":{"line":49,"column":3}},"11":{"start":{"line":45,"column":4},"end":{"line":45,"column":33}},"12":{"start":{"line":46,"column":4},"end":{"line":48,"column":7}},"13":{"start":{"line":47,"column":6},"end":{"line":47,"column":29}},"14":{"start":{"line":51,"column":2},"end":{"line":61,"column":3}},"15":{"start":{"line":52,"column":4},"end":{"line":52,"column":47}},"16":{"start":{"line":53,"column":4},"end":{"line":57,"column":5}},"17":{"start":{"line":54,"column":6},"end":{"line":56,"column":9}},"18":{"start":{"line":55,"column":8},"end":{"line":55,"column":83}},"19":{"start":{"line":58,"column":4},"end":{"line":60,"column":5}},"20":{"start":{"line":59,"column":6},"end":{"line":59,"column":59}},"21":{"start":{"line":63,"column":2},"end":{"line":78,"column":3}},"22":{"start":{"line":64,"column":4},"end":{"line":77,"column":7}},"23":{"start":{"line":65,"column":6},"end":{"line":65,"column":49}},"24":{"start":{"line":66,"column":6},"end":{"line":68,"column":7}},"25":{"start":{"line":67,"column":8},"end":{"line":67,"column":94}},"26":{"start":{"line":69,"column":6},"end":{"line":76,"column":7}},"27":{"start":{"line":70,"column":8},"end":{"line":70,"column":53}},"28":{"start":{"line":71,"column":8},"end":{"line":71,"column":54}},"29":{"start":{"line":72,"column":8},"end":{"line":72,"column":59}},"30":{"start":{"line":73,"column":8},"end":{"line":73,"column":169}},"31":{"start":{"line":74,"column":8},"end":{"line":74,"column":40}},"32":{"start":{"line":75,"column":8},"end":{"line":75,"column":29}},"33":{"start":{"line":80,"column":2},"end":{"line":85,"column":3}},"34":{"start":{"line":81,"column":4},"end":{"line":81,"column":33}},"35":{"start":{"line":82,"column":4},"end":{"line":84,"column":7}},"36":{"start":{"line":83,"column":6},"end":{"line":83,"column":59}},"37":{"start":{"line":88,"column":0},"end":{"line":88,"column":40}}},"branchMap":{"1":{"line":31,"type":"cond-expr","locations":[{"start":{"line":31,"column":20},"end":{"line":31,"column":31}},{"start":{"line":31,"column":34},"end":{"line":31,"column":47}}]},"2":{"line":32,"type":"cond-expr","locations":[{"start":{"line":32,"column":20},"end":{"line":32,"column":36}},{"start":{"line":32,"column":39},"end":{"line":32,"column":59}}]},"3":{"line":33,"type":"cond-expr","locations":[{"start":{"line":33,"column":23},"end":{"line":33,"column":41}},{"start":{"line":33,"column":44},"end":{"line":33,"column":64}}]},"4":{"line":39,"type":"cond-expr","locations":[{"start":{"line":39,"column":23},"end":{"line":39,"column":58}},{"start":{"line":39,"column":61},"end":{"line":39,"column":98}}]},"5":{"line":53,"type":"if","locations":[{"start":{"line":53,"column":4},"end":{"line":53,"column":4}},{"start":{"line":53,"column":4},"end":{"line":53,"column":4}}]},"6":{"line":58,"type":"if","locations":[{"start":{"line":58,"column":4},"end":{"line":58,"column":4}},{"start":{"line":58,"column":4},"end":{"line":58,"column":4}}]},"7":{"line":66,"type":"if","locations":[{"start":{"line":66,"column":6},"end":{"line":66,"column":6}},{"start":{"line":66,"column":6},"end":{"line":66,"column":6}}]},"8":{"line":69,"type":"if","locations":[{"start":{"line":69,"column":6},"end":{"line":69,"column":6}},{"start":{"line":69,"column":6},"end":{"line":69,"column":6}}]}}},"/home/travis/build/arf/java-codegen-spring/generator-spring/generators/app/index.js":{"path":"/home/travis/build/arf/java-codegen-spring/generator-spring/generators/app/index.js","s":{"1":1,"2":1,"3":1,"4":1,"5":1,"6":1,"7":1,"8":1,"9":6,"10":6,"11":0,"12":6,"13":6,"14":6,"15":6,"16":6,"17":6,"18":6,"19":6,"20":6},"b":{"1":[0,6]},"f":{"1":6,"2":6,"3":6,"4":6,"5":6,"6":6},"fnMap":{"1":{"name":"(anonymous_1)","line":28,"loc":{"start":{"line":28,"column":13},"end":{"line":28,"column":26}}},"2":{"name":"(anonymous_2)","line":40,"loc":{"start":{"line":40,"column":14},"end":{"line":40,"column":17}}},"3":{"name":"(anonymous_3)","line":44,"loc":{"start":{"line":44,"column":11},"end":{"line":44,"column":14}}},"4":{"name":"(anonymous_4)","line":48,"loc":{"start":{"line":48,"column":13},"end":{"line":48,"column":16}}},"5":{"name":"(anonymous_5)","line":52,"loc":{"start":{"line":52,"column":9},"end":{"line":52,"column":12}}},"6":{"name":"(anonymous_6)","line":56,"loc":{"start":{"line":56,"column":5},"end":{"line":56,"column":8}}}},"statementMap":{"1":{"start":{"line":17,"column":0},"end":{"line":17,"column":44}},"2":{"start":{"line":18,"column":0},"end":{"line":18,"column":39}},"3":{"start":{"line":19,"column":0},"end":{"line":19,"column":29}},"4":{"start":{"line":20,"column":0},"end":{"line":20,"column":23}},"5":{"start":{"line":21,"column":0},"end":{"line":21,"column":31}},"6":{"start":{"line":22,"column":0},"end":{"line":22,"column":47}},"7":{"start":{"line":24,"column":0},"end":{"line":24,"column":30}},"8":{"start":{"line":26,"column":0},"end":{"line":59,"column":2}},"9":{"start":{"line":29,"column":4},"end":{"line":29,"column":22}},"10":{"start":{"line":30,"column":4},"end":{"line":30,"column":91}},"11":{"start":{"line":30,"column":22},"end":{"line":30,"column":91}},"12":{"start":{"line":31,"column":4},"end":{"line":31,"column":30}},"13":{"start":{"line":32,"column":4},"end":{"line":32,"column":31}},"14":{"start":{"line":33,"column":4},"end":{"line":33,"column":69}},"15":{"start":{"line":34,"column":4},"end":{"line":34,"column":66}},"16":{"start":{"line":35,"column":4},"end":{"line":35,"column":33}},"17":{"start":{"line":36,"column":4},"end":{"line":36,"column":41}},"18":{"start":{"line":37,"column":4},"end":{"line":37,"column":71}},"19":{"start":{"line":49,"column":4},"end":{"line":49,"column":25}},"20":{"start":{"line":53,"column":4},"end":{"line":53,"column":36}}},"branchMap":{"1":{"line":30,"type":"if","locations":[{"start":{"line":30,"column":4},"end":{"line":30,"column":4}},{"start":{"line":30,"column":4},"end":{"line":30,"column":4}}]}}},"/home/travis/build/arf/java-codegen-spring/generator-spring/lib/defaults.js":{"path":"/home/travis/build/arf/java-codegen-spring/generator-spring/lib/defaults.js","s":{"1":1,"2":1,"3":1,"4":1},"b":{},"f":{"1":1},"fnMap":{"1":{"name":"(anonymous_1)","line":26,"loc":{"start":{"line":26,"column":13},"end":{"line":26,"column":16}}}},"statementMap":{"1":{"start":{"line":19,"column":0},"end":{"line":19,"column":59}},"2":{"start":{"line":22,"column":0},"end":{"line":23,"column":2}},"3":{"start":{"line":25,"column":0},"end":{"line":29,"column":1}},"4":{"start":{"line":27,"column":4},"end":{"line":27,"column":20}}},"branchMap":{}},"/home/travis/build/arf/java-codegen-spring/generator-spring/generators/prompts/spring.js":{"path":"/home/travis/build/arf/java-codegen-spring/generator-spring/generators/prompts/spring.js","s":{"1":1,"2":1,"3":0,"4":0,"5":0,"6":1,"7":0,"8":1,"9":0,"10":0,"11":0,"12":0,"13":0,"14":0,"15":0,"16":1,"17":0,"18":0,"19":1,"20":0,"21":1,"22":0,"23":1},"b":{"1":[0,0],"2":[0,0]},"f":{"1":0,"2":0,"3":0,"4":0,"5":0,"6":0},"fnMap":{"1":{"name":"Extension","line":21,"loc":{"start":{"line":21,"column":0},"end":{"line":21,"column":27}}},"2":{"name":"(anonymous_2)","line":27,"loc":{"start":{"line":27,"column":32},"end":{"line":27,"column":43}}},"3":{"name":"(anonymous_3)","line":35,"loc":{"start":{"line":35,"column":27},"end":{"line":35,"column":45}}},"4":{"name":"(anonymous_4)","line":49,"loc":{"start":{"line":49,"column":35},"end":{"line":49,"column":46}}},"5":{"name":"(anonymous_5)","line":93,"loc":{"start":{"line":93,"column":33},"end":{"line":93,"column":47}}},"6":{"name":"(anonymous_6)","line":97,"loc":{"start":{"line":97,"column":34},"end":{"line":97,"column":60}}}},"statementMap":{"1":{"start":{"line":19,"column":0},"end":{"line":19,"column":34}},"2":{"start":{"line":21,"column":0},"end":{"line":25,"column":1}},"3":{"start":{"line":22,"column":2},"end":{"line":22,"column":22}},"4":{"start":{"line":23,"column":2},"end":{"line":23,"column":23}},"5":{"start":{"line":24,"column":2},"end":{"line":24,"column":27}},"6":{"start":{"line":27,"column":0},"end":{"line":33,"column":1}},"7":{"start":{"line":28,"column":2},"end":{"line":32,"column":4}},"8":{"start":{"line":35,"column":0},"end":{"line":47,"column":1}},"9":{"start":{"line":36,"column":2},"end":{"line":36,"column":21}},"10":{"start":{"line":37,"column":2},"end":{"line":45,"column":3}},"11":{"start":{"line":38,"column":4},"end":{"line":42,"column":5}},"12":{"start":{"line":39,"column":6},"end":{"line":39,"column":50}},"13":{"start":{"line":41,"column":6},"end":{"line":41,"column":54}},"14":{"start":{"line":44,"column":4},"end":{"line":44,"column":52}},"15":{"start":{"line":46,"column":2},"end":{"line":46,"column":16}},"16":{"start":{"line":49,"column":0},"end":{"line":91,"column":1}},"17":{"start":{"line":50,"column":2},"end":{"line":90,"column":5}},"18":{"start":{"line":83,"column":30},"end":{"line":83,"column":52}},"19":{"start":{"line":93,"column":0},"end":{"line":95,"column":1}},"20":{"start":{"line":94,"column":2},"end":{"line":94,"column":21}},"21":{"start":{"line":97,"column":0},"end":{"line":99,"column":1}},"22":{"start":{"line":98,"column":2},"end":{"line":98,"column":39}},"23":{"start":{"line":101,"column":0},"end":{"line":101,"column":37}}},"branchMap":{"1":{"line":37,"type":"if","locations":[{"start":{"line":37,"column":2},"end":{"line":37,"column":2}},{"start":{"line":37,"column":2},"end":{"line":37,"column":2}}]},"2":{"line":38,"type":"if","locations":[{"start":{"line":38,"column":4},"end":{"line":38,"column":4}},{"start":{"line":38,"column":4},"end":{"line":38,"column":4}}]}}}}