{"/home/travis/build/arf/java-codegen-spring/generator-spring/lib/assert.openapi.js":{"path":"/home/travis/build/arf/java-codegen-spring/generator-spring/lib/assert.openapi.js","s":{"1":1,"2":1,"3":1,"4":1,"5":1,"6":1,"7":8,"8":8,"9":8,"10":8,"11":8,"12":8,"13":8,"14":8,"15":6,"16":2,"17":8,"18":8,"19":8,"20":8,"21":8,"22":8,"23":8,"24":6,"25":2,"26":8,"27":8,"28":8,"29":6,"30":6,"31":8,"32":2,"33":2,"34":8,"35":8,"36":8,"37":8,"38":8,"39":8,"40":8,"41":8,"42":8,"43":8,"44":0,"45":8,"46":0,"47":1},"b":{"1":[6,2],"2":[6,2],"3":[6,2],"4":[6,2],"5":[6,2],"6":[6,2],"7":[6,2],"8":[2,6],"9":[6,2]},"f":{"1":8,"2":8,"3":8,"4":8,"5":8,"6":8,"7":8,"8":8,"9":6,"10":2,"11":8,"12":0,"13":0},"fnMap":{"1":{"name":"AssertOpenApi","line":28,"loc":{"start":{"line":28,"column":0},"end":{"line":28,"column":25}}},"2":{"name":"(anonymous_2)","line":29,"loc":{"start":{"line":29,"column":18},"end":{"line":29,"column":56}}},"3":{"name":"(anonymous_3)","line":34,"loc":{"start":{"line":34,"column":29},"end":{"line":34,"column":46}}},"4":{"name":"(anonymous_4)","line":35,"loc":{"start":{"line":35,"column":54},"end":{"line":35,"column":65}}},"5":{"name":"(anonymous_5)","line":38,"loc":{"start":{"line":38,"column":75},"end":{"line":38,"column":86}}},"6":{"name":"(anonymous_6)","line":47,"loc":{"start":{"line":47,"column":24},"end":{"line":47,"column":62}}},"7":{"name":"(anonymous_7)","line":52,"loc":{"start":{"line":52,"column":45},"end":{"line":52,"column":56}}},"8":{"name":"(anonymous_8)","line":59,"loc":{"start":{"line":59,"column":40},"end":{"line":59,"column":51}}},"9":{"name":"(anonymous_9)","line":72,"loc":{"start":{"line":72,"column":47},"end":{"line":72,"column":58}}},"10":{"name":"(anonymous_10)","line":90,"loc":{"start":{"line":90,"column":48},"end":{"line":90,"column":59}}},"11":{"name":"(anonymous_11)","line":99,"loc":{"start":{"line":99,"column":90},"end":{"line":99,"column":101}}},"12":{"name":"(anonymous_12)","line":111,"loc":{"start":{"line":111,"column":22},"end":{"line":111,"column":33}}},"13":{"name":"(anonymous_13)","line":115,"loc":{"start":{"line":115,"column":23},"end":{"line":115,"column":34}}}},"statementMap":{"1":{"start":{"line":22,"column":0},"end":{"line":22,"column":40}},"2":{"start":{"line":23,"column":0},"end":{"line":23,"column":42}},"3":{"start":{"line":24,"column":0},"end":{"line":24,"column":66}},"4":{"start":{"line":25,"column":0},"end":{"line":25,"column":68}},"5":{"start":{"line":26,"column":0},"end":{"line":26,"column":62}},"6":{"start":{"line":28,"column":0},"end":{"line":118,"column":1}},"7":{"start":{"line":29,"column":4},"end":{"line":32,"column":5}},"8":{"start":{"line":30,"column":8},"end":{"line":30,"column":39}},"9":{"start":{"line":31,"column":8},"end":{"line":31,"column":55}},"10":{"start":{"line":34,"column":4},"end":{"line":45,"column":5}},"11":{"start":{"line":35,"column":8},"end":{"line":37,"column":11}},"12":{"start":{"line":36,"column":12},"end":{"line":36,"column":78}},"13":{"start":{"line":38,"column":8},"end":{"line":44,"column":11}},"14":{"start":{"line":39,"column":12},"end":{"line":43,"column":13}},"15":{"start":{"line":40,"column":16},"end":{"line":40,"column":135}},"16":{"start":{"line":42,"column":16},"end":{"line":42,"column":137}},"17":{"start":{"line":47,"column":4},"end":{"line":109,"column":5}},"18":{"start":{"line":48,"column":8},"end":{"line":48,"column":57}},"19":{"start":{"line":49,"column":8},"end":{"line":49,"column":79}},"20":{"start":{"line":50,"column":8},"end":{"line":50,"column":60}},"21":{"start":{"line":51,"column":8},"end":{"line":51,"column":71}},"22":{"start":{"line":52,"column":8},"end":{"line":58,"column":11}},"23":{"start":{"line":53,"column":12},"end":{"line":57,"column":13}},"24":{"start":{"line":54,"column":16},"end":{"line":54,"column":78}},"25":{"start":{"line":56,"column":16},"end":{"line":56,"column":76}},"26":{"start":{"line":59,"column":8},"end":{"line":70,"column":11}},"27":{"start":{"line":60,"column":12},"end":{"line":69,"column":14}},"28":{"start":{"line":71,"column":8},"end":{"line":88,"column":9}},"29":{"start":{"line":72,"column":12},"end":{"line":87,"column":15}},"30":{"start":{"line":73,"column":16},"end":{"line":86,"column":18}},"31":{"start":{"line":89,"column":8},"end":{"line":97,"column":9}},"32":{"start":{"line":90,"column":12},"end":{"line":96,"column":15}},"33":{"start":{"line":91,"column":16},"end":{"line":95,"column":18}},"34":{"start":{"line":99,"column":8},"end":{"line":103,"column":11}},"35":{"start":{"line":100,"column":12},"end":{"line":100,"column":93}},"36":{"start":{"line":101,"column":12},"end":{"line":101,"column":96}},"37":{"start":{"line":102,"column":12},"end":{"line":102,"column":101}},"38":{"start":{"line":104,"column":8},"end":{"line":104,"column":121}},"39":{"start":{"line":105,"column":8},"end":{"line":105,"column":82}},"40":{"start":{"line":106,"column":8},"end":{"line":106,"column":84}},"41":{"start":{"line":107,"column":8},"end":{"line":107,"column":94}},"42":{"start":{"line":108,"column":8},"end":{"line":108,"column":73}},"43":{"start":{"line":111,"column":4},"end":{"line":113,"column":5}},"44":{"start":{"line":112,"column":8},"end":{"line":112,"column":49}},"45":{"start":{"line":115,"column":4},"end":{"line":117,"column":5}},"46":{"start":{"line":116,"column":8},"end":{"line":116,"column":51}},"47":{"start":{"line":120,"column":0},"end":{"line":120,"column":41}}},"branchMap":{"1":{"line":39,"type":"if","locations":[{"start":{"line":39,"column":12},"end":{"line":39,"column":12}},{"start":{"line":39,"column":12},"end":{"line":39,"column":12}}]},"2":{"line":48,"type":"cond-expr","locations":[{"start":{"line":48,"column":29},"end":{"line":48,"column":40}},{"start":{"line":48,"column":43},"end":{"line":48,"column":56}}]},"3":{"line":49,"type":"cond-expr","locations":[{"start":{"line":49,"column":37},"end":{"line":49,"column":55}},{"start":{"line":49,"column":58},"end":{"line":49,"column":78}}]},"4":{"line":50,"type":"cond-expr","locations":[{"start":{"line":50,"column":28},"end":{"line":50,"column":38}},{"start":{"line":50,"column":41},"end":{"line":50,"column":59}}]},"5":{"line":51,"type":"cond-expr","locations":[{"start":{"line":51,"column":35},"end":{"line":51,"column":47}},{"start":{"line":51,"column":50},"end":{"line":51,"column":70}}]},"6":{"line":53,"type":"if","locations":[{"start":{"line":53,"column":12},"end":{"line":53,"column":12}},{"start":{"line":53,"column":12},"end":{"line":53,"column":12}}]},"7":{"line":71,"type":"if","locations":[{"start":{"line":71,"column":8},"end":{"line":71,"column":8}},{"start":{"line":71,"column":8},"end":{"line":71,"column":8}}]},"8":{"line":89,"type":"if","locations":[{"start":{"line":89,"column":8},"end":{"line":89,"column":8}},{"start":{"line":89,"column":8},"end":{"line":89,"column":8}}]},"9":{"line":104,"type":"cond-expr","locations":[{"start":{"line":104,"column":39},"end":{"line":104,"column":77}},{"start":{"line":104,"column":80},"end":{"line":104,"column":120}}]}}},"/home/travis/build/arf/java-codegen-spring/generator-spring/lib/assert.spring.js":{"path":"/home/travis/build/arf/java-codegen-spring/generator-spring/lib/assert.spring.js","s":{"1":1,"2":1,"3":1,"4":1,"5":1,"6":1,"7":1,"8":6,"9":1,"10":4,"11":1,"12":5,"13":2,"14":2,"15":2,"16":2,"17":2,"18":5,"19":2,"20":2,"21":1,"22":1,"23":2,"24":1,"25":5,"26":2,"27":2,"28":2,"29":1,"30":2,"31":1,"32":1,"33":1,"34":1,"35":1,"36":1,"37":5,"38":2,"39":2,"40":2,"41":5,"42":2,"43":2,"44":2,"45":1},"b":{"1":[6,0],"2":[6,0],"3":[6,0],"4":[4,0],"5":[1,1],"6":[1,1],"7":[1,1],"8":[1,1]},"f":{"1":6,"2":4,"3":5,"4":2,"5":2,"6":2,"7":2,"8":1,"9":2,"10":2,"11":2,"12":2,"13":2,"14":2},"fnMap":{"1":{"name":"getCheck","line":31,"loc":{"start":{"line":31,"column":0},"end":{"line":31,"column":26}}},"2":{"name":"getBuildCheck","line":39,"loc":{"start":{"line":39,"column":0},"end":{"line":39,"column":42}}},"3":{"name":"AssertSpring","line":45,"loc":{"start":{"line":45,"column":0},"end":{"line":45,"column":24}}},"4":{"name":"(anonymous_4)","line":46,"loc":{"start":{"line":46,"column":24},"end":{"line":46,"column":41}}},"5":{"name":"(anonymous_5)","line":48,"loc":{"start":{"line":48,"column":76},"end":{"line":48,"column":87}}},"6":{"name":"(anonymous_6)","line":51,"loc":{"start":{"line":51,"column":70},"end":{"line":51,"column":81}}},"7":{"name":"(anonymous_7)","line":56,"loc":{"start":{"line":56,"column":26},"end":{"line":56,"column":50}}},"8":{"name":"(anonymous_8)","line":59,"loc":{"start":{"line":59,"column":67},"end":{"line":59,"column":78}}},"9":{"name":"(anonymous_9)","line":68,"loc":{"start":{"line":68,"column":23},"end":{"line":68,"column":43}}},"10":{"name":"(anonymous_10)","line":69,"loc":{"start":{"line":69,"column":58},"end":{"line":69,"column":69}}},"11":{"name":"(anonymous_11)","line":85,"loc":{"start":{"line":85,"column":19},"end":{"line":85,"column":49}}},"12":{"name":"(anonymous_12)","line":87,"loc":{"start":{"line":87,"column":89},"end":{"line":87,"column":100}}},"13":{"name":"(anonymous_13)","line":92,"loc":{"start":{"line":92,"column":23},"end":{"line":92,"column":46}}},"14":{"name":"(anonymous_14)","line":94,"loc":{"start":{"line":94,"column":42},"end":{"line":94,"column":53}}}},"statementMap":{"1":{"start":{"line":22,"column":0},"end":{"line":22,"column":40}},"2":{"start":{"line":23,"column":0},"end":{"line":23,"column":42}},"3":{"start":{"line":25,"column":0},"end":{"line":25,"column":39}},"4":{"start":{"line":26,"column":0},"end":{"line":26,"column":74}},"5":{"start":{"line":27,"column":0},"end":{"line":27,"column":62}},"6":{"start":{"line":28,"column":0},"end":{"line":28,"column":49}},"7":{"start":{"line":31,"column":0},"end":{"line":37,"column":1}},"8":{"start":{"line":32,"column":2},"end":{"line":36,"column":3}},"9":{"start":{"line":39,"column":0},"end":{"line":43,"column":1}},"10":{"start":{"line":40,"column":2},"end":{"line":42,"column":3}},"11":{"start":{"line":45,"column":0},"end":{"line":98,"column":1}},"12":{"start":{"line":46,"column":2},"end":{"line":54,"column":3}},"13":{"start":{"line":47,"column":4},"end":{"line":47,"column":33}},"14":{"start":{"line":48,"column":4},"end":{"line":50,"column":7}},"15":{"start":{"line":49,"column":6},"end":{"line":49,"column":34}},"16":{"start":{"line":51,"column":4},"end":{"line":53,"column":7}},"17":{"start":{"line":52,"column":6},"end":{"line":52,"column":28}},"18":{"start":{"line":56,"column":2},"end":{"line":66,"column":3}},"19":{"start":{"line":57,"column":4},"end":{"line":57,"column":47}},"20":{"start":{"line":58,"column":4},"end":{"line":62,"column":5}},"21":{"start":{"line":59,"column":6},"end":{"line":61,"column":9}},"22":{"start":{"line":60,"column":8},"end":{"line":60,"column":83}},"23":{"start":{"line":63,"column":4},"end":{"line":65,"column":5}},"24":{"start":{"line":64,"column":6},"end":{"line":64,"column":59}},"25":{"start":{"line":68,"column":2},"end":{"line":83,"column":3}},"26":{"start":{"line":69,"column":4},"end":{"line":82,"column":7}},"27":{"start":{"line":70,"column":6},"end":{"line":70,"column":49}},"28":{"start":{"line":71,"column":6},"end":{"line":73,"column":7}},"29":{"start":{"line":72,"column":8},"end":{"line":72,"column":94}},"30":{"start":{"line":74,"column":6},"end":{"line":81,"column":7}},"31":{"start":{"line":75,"column":8},"end":{"line":75,"column":53}},"32":{"start":{"line":76,"column":8},"end":{"line":76,"column":54}},"33":{"start":{"line":77,"column":8},"end":{"line":77,"column":59}},"34":{"start":{"line":78,"column":8},"end":{"line":78,"column":169}},"35":{"start":{"line":79,"column":8},"end":{"line":79,"column":40}},"36":{"start":{"line":80,"column":8},"end":{"line":80,"column":29}},"37":{"start":{"line":85,"column":2},"end":{"line":90,"column":3}},"38":{"start":{"line":86,"column":4},"end":{"line":86,"column":33}},"39":{"start":{"line":87,"column":4},"end":{"line":89,"column":7}},"40":{"start":{"line":88,"column":6},"end":{"line":88,"column":64}},"41":{"start":{"line":92,"column":2},"end":{"line":97,"column":3}},"42":{"start":{"line":93,"column":4},"end":{"line":93,"column":33}},"43":{"start":{"line":94,"column":4},"end":{"line":96,"column":7}},"44":{"start":{"line":95,"column":6},"end":{"line":95,"column":38}},"45":{"start":{"line":100,"column":0},"end":{"line":100,"column":40}}},"branchMap":{"1":{"line":33,"type":"cond-expr","locations":[{"start":{"line":33,"column":20},"end":{"line":33,"column":31}},{"start":{"line":33,"column":34},"end":{"line":33,"column":47}}]},"2":{"line":34,"type":"cond-expr","locations":[{"start":{"line":34,"column":20},"end":{"line":34,"column":36}},{"start":{"line":34,"column":39},"end":{"line":34,"column":59}}]},"3":{"line":35,"type":"cond-expr","locations":[{"start":{"line":35,"column":23},"end":{"line":35,"column":41}},{"start":{"line":35,"column":44},"end":{"line":35,"column":64}}]},"4":{"line":41,"type":"cond-expr","locations":[{"start":{"line":41,"column":23},"end":{"line":41,"column":58}},{"start":{"line":41,"column":61},"end":{"line":41,"column":98}}]},"5":{"line":58,"type":"if","locations":[{"start":{"line":58,"column":4},"end":{"line":58,"column":4}},{"start":{"line":58,"column":4},"end":{"line":58,"column":4}}]},"6":{"line":63,"type":"if","locations":[{"start":{"line":63,"column":4},"end":{"line":63,"column":4}},{"start":{"line":63,"column":4},"end":{"line":63,"column":4}}]},"7":{"line":71,"type":"if","locations":[{"start":{"line":71,"column":6},"end":{"line":71,"column":6}},{"start":{"line":71,"column":6},"end":{"line":71,"column":6}}]},"8":{"line":74,"type":"if","locations":[{"start":{"line":74,"column":6},"end":{"line":74,"column":6}},{"start":{"line":74,"column":6},"end":{"line":74,"column":6}}]}}},"/home/travis/build/arf/java-codegen-spring/generator-spring/generators/app/index.js":{"path":"/home/travis/build/arf/java-codegen-spring/generator-spring/generators/app/index.js","s":{"1":1,"2":1,"3":1,"4":1,"5":1,"6":1,"7":1,"8":1,"9":1,"10":13,"11":13,"12":0,"13":13,"14":13,"15":13,"16":13,"17":13,"18":13,"19":13,"20":13,"21":13,"22":13,"23":6,"24":6,"25":13,"26":6,"27":13},"b":{"1":[0,13],"2":[6,7],"3":[13,6,6],"4":[6,7]},"f":{"1":13,"2":13,"3":13,"4":13,"5":13,"6":13},"fnMap":{"1":{"name":"(anonymous_1)","line":29,"loc":{"start":{"line":29,"column":13},"end":{"line":29,"column":26}}},"2":{"name":"(anonymous_2)","line":42,"loc":{"start":{"line":42,"column":14},"end":{"line":42,"column":17}}},"3":{"name":"(anonymous_3)","line":46,"loc":{"start":{"line":46,"column":11},"end":{"line":46,"column":14}}},"4":{"name":"(anonymous_4)","line":50,"loc":{"start":{"line":50,"column":13},"end":{"line":50,"column":16}}},"5":{"name":"(anonymous_5)","line":60,"loc":{"start":{"line":60,"column":9},"end":{"line":60,"column":12}}},"6":{"name":"(anonymous_6)","line":67,"loc":{"start":{"line":67,"column":5},"end":{"line":67,"column":8}}}},"statementMap":{"1":{"start":{"line":17,"column":0},"end":{"line":17,"column":44}},"2":{"start":{"line":18,"column":0},"end":{"line":18,"column":39}},"3":{"start":{"line":19,"column":0},"end":{"line":19,"column":29}},"4":{"start":{"line":20,"column":0},"end":{"line":20,"column":23}},"5":{"start":{"line":21,"column":0},"end":{"line":21,"column":31}},"6":{"start":{"line":22,"column":0},"end":{"line":22,"column":47}},"7":{"start":{"line":23,"column":0},"end":{"line":23,"column":45}},"8":{"start":{"line":25,"column":0},"end":{"line":25,"column":30}},"9":{"start":{"line":27,"column":0},"end":{"line":70,"column":2}},"10":{"start":{"line":30,"column":4},"end":{"line":30,"column":22}},"11":{"start":{"line":31,"column":4},"end":{"line":31,"column":91}},"12":{"start":{"line":31,"column":22},"end":{"line":31,"column":91}},"13":{"start":{"line":32,"column":4},"end":{"line":32,"column":30}},"14":{"start":{"line":33,"column":4},"end":{"line":33,"column":31}},"15":{"start":{"line":34,"column":4},"end":{"line":34,"column":69}},"16":{"start":{"line":35,"column":4},"end":{"line":35,"column":66}},"17":{"start":{"line":36,"column":4},"end":{"line":36,"column":33}},"18":{"start":{"line":37,"column":4},"end":{"line":37,"column":41}},"19":{"start":{"line":38,"column":4},"end":{"line":38,"column":25}},"20":{"start":{"line":39,"column":4},"end":{"line":39,"column":71}},"21":{"start":{"line":51,"column":4},"end":{"line":51,"column":25}},"22":{"start":{"line":52,"column":4},"end":{"line":57,"column":5}},"23":{"start":{"line":53,"column":6},"end":{"line":56,"column":11}},"24":{"start":{"line":55,"column":10},"end":{"line":55,"column":31}},"25":{"start":{"line":61,"column":4},"end":{"line":63,"column":5}},"26":{"start":{"line":62,"column":6},"end":{"line":62,"column":48}},"27":{"start":{"line":64,"column":4},"end":{"line":64,"column":36}}},"branchMap":{"1":{"line":31,"type":"if","locations":[{"start":{"line":31,"column":4},"end":{"line":31,"column":4}},{"start":{"line":31,"column":4},"end":{"line":31,"column":4}}]},"2":{"line":52,"type":"if","locations":[{"start":{"line":52,"column":4},"end":{"line":52,"column":4}},{"start":{"line":52,"column":4},"end":{"line":52,"column":4}}]},"3":{"line":52,"type":"binary-expr","locations":[{"start":{"line":52,"column":7},"end":{"line":52,"column":24}},{"start":{"line":52,"column":28},"end":{"line":52,"column":60}},{"start":{"line":52,"column":64},"end":{"line":52,"column":109}}]},"4":{"line":61,"type":"if","locations":[{"start":{"line":61,"column":4},"end":{"line":61,"column":4}},{"start":{"line":61,"column":4},"end":{"line":61,"column":4}}]}}},"/home/travis/build/arf/java-codegen-spring/generator-spring/lib/defaults.js":{"path":"/home/travis/build/arf/java-codegen-spring/generator-spring/lib/defaults.js","s":{"1":1,"2":1,"3":1,"4":1},"b":{},"f":{"1":1},"fnMap":{"1":{"name":"(anonymous_1)","line":26,"loc":{"start":{"line":26,"column":13},"end":{"line":26,"column":16}}}},"statementMap":{"1":{"start":{"line":19,"column":0},"end":{"line":19,"column":59}},"2":{"start":{"line":22,"column":0},"end":{"line":23,"column":2}},"3":{"start":{"line":25,"column":0},"end":{"line":29,"column":1}},"4":{"start":{"line":27,"column":4},"end":{"line":27,"column":20}}},"branchMap":{}},"/home/travis/build/arf/java-codegen-spring/generator-spring/lib/openapi.js":{"path":"/home/travis/build/arf/java-codegen-spring/generator-spring/lib/openapi.js","s":{"1":1,"2":1,"3":1,"4":1,"5":1,"6":1,"7":1,"8":1,"9":1,"10":1,"11":1,"12":1,"13":1,"14":1,"15":6,"16":6,"17":6,"18":6,"19":6,"20":6,"21":10,"22":10,"23":10,"24":6,"25":6,"26":1,"27":10,"28":10,"29":10,"30":1,"31":6,"32":10,"33":1,"34":10,"35":10,"36":10,"37":10,"38":10,"39":10,"40":0,"41":10,"42":10,"43":1,"44":20,"45":20,"46":20,"47":20,"48":10,"49":10,"50":10,"51":10,"52":10,"53":0,"54":1,"55":20,"56":20,"57":20,"58":20,"59":10,"60":0,"61":10,"62":1,"63":10,"64":10,"65":10,"66":10,"67":10,"68":10,"69":0,"70":10,"71":10,"72":1},"b":{"1":[6,0],"2":[6,4],"3":[10,0],"4":[10,10],"5":[20,10],"6":[10,10],"7":[10,0],"8":[10,0,0,10]},"f":{"1":6,"2":10,"3":6,"4":10,"5":10,"6":20,"7":20,"8":10},"fnMap":{"1":{"name":"(anonymous_1)","line":35,"loc":{"start":{"line":35,"column":15},"end":{"line":35,"column":44}}},"2":{"name":"(anonymous_2)","line":54,"loc":{"start":{"line":54,"column":22},"end":{"line":54,"column":36}}},"3":{"name":"(anonymous_3)","line":62,"loc":{"start":{"line":62,"column":17},"end":{"line":62,"column":43}}},"4":{"name":"(anonymous_4)","line":68,"loc":{"start":{"line":68,"column":32},"end":{"line":68,"column":73}}},"5":{"name":"(anonymous_5)","line":79,"loc":{"start":{"line":79,"column":10},"end":{"line":79,"column":30}}},"6":{"name":"checkUntilFinished","line":89,"loc":{"start":{"line":89,"column":2},"end":{"line":89,"column":51}}},"7":{"name":"getStatusAsync","line":108,"loc":{"start":{"line":108,"column":0},"end":{"line":108,"column":38}}},"8":{"name":"(anonymous_8)","line":130,"loc":{"start":{"line":130,"column":24},"end":{"line":130,"column":55}}}},"statementMap":{"1":{"start":{"line":19,"column":0},"end":{"line":19,"column":29}},"2":{"start":{"line":20,"column":0},"end":{"line":20,"column":35}},"3":{"start":{"line":21,"column":0},"end":{"line":21,"column":36}},"4":{"start":{"line":22,"column":0},"end":{"line":22,"column":30}},"5":{"start":{"line":23,"column":0},"end":{"line":23,"column":47}},"6":{"start":{"line":24,"column":0},"end":{"line":24,"column":25}},"7":{"start":{"line":25,"column":0},"end":{"line":25,"column":29}},"8":{"start":{"line":26,"column":0},"end":{"line":26,"column":25}},"9":{"start":{"line":27,"column":0},"end":{"line":27,"column":44}},"10":{"start":{"line":28,"column":0},"end":{"line":28,"column":30}},"11":{"start":{"line":30,"column":0},"end":{"line":30,"column":78}},"12":{"start":{"line":31,"column":0},"end":{"line":31,"column":30}},"13":{"start":{"line":33,"column":0},"end":{"line":33,"column":17}},"14":{"start":{"line":35,"column":0},"end":{"line":52,"column":1}},"15":{"start":{"line":36,"column":4},"end":{"line":36,"column":33}},"16":{"start":{"line":37,"column":4},"end":{"line":37,"column":81}},"17":{"start":{"line":38,"column":4},"end":{"line":38,"column":24}},"18":{"start":{"line":39,"column":4},"end":{"line":50,"column":7}},"19":{"start":{"line":40,"column":8},"end":{"line":40,"column":18}},"20":{"start":{"line":41,"column":8},"end":{"line":49,"column":11}},"21":{"start":{"line":42,"column":12},"end":{"line":48,"column":15}},"22":{"start":{"line":44,"column":16},"end":{"line":44,"column":37}},"23":{"start":{"line":45,"column":16},"end":{"line":47,"column":17}},"24":{"start":{"line":46,"column":16},"end":{"line":46,"column":36}},"25":{"start":{"line":51,"column":4},"end":{"line":51,"column":13}},"26":{"start":{"line":54,"column":0},"end":{"line":60,"column":1}},"27":{"start":{"line":55,"column":4},"end":{"line":59,"column":11}},"28":{"start":{"line":57,"column":12},"end":{"line":57,"column":111}},"29":{"start":{"line":58,"column":12},"end":{"line":58,"column":66}},"30":{"start":{"line":62,"column":0},"end":{"line":66,"column":1}},"31":{"start":{"line":63,"column":4},"end":{"line":65,"column":7}},"32":{"start":{"line":64,"column":6},"end":{"line":64,"column":121}},"33":{"start":{"line":68,"column":0},"end":{"line":106,"column":1}},"34":{"start":{"line":69,"column":2},"end":{"line":69,"column":55}},"35":{"start":{"line":70,"column":2},"end":{"line":70,"column":86}},"36":{"start":{"line":71,"column":2},"end":{"line":87,"column":57}},"37":{"start":{"line":80,"column":6},"end":{"line":80,"column":42}},"38":{"start":{"line":81,"column":6},"end":{"line":83,"column":7}},"39":{"start":{"line":82,"column":8},"end":{"line":82,"column":26}},"40":{"start":{"line":84,"column":6},"end":{"line":84,"column":105}},"41":{"start":{"line":86,"column":24},"end":{"line":86,"column":109}},"42":{"start":{"line":87,"column":25},"end":{"line":87,"column":56}},"43":{"start":{"line":89,"column":2},"end":{"line":105,"column":3}},"44":{"start":{"line":90,"column":4},"end":{"line":90,"column":22}},"45":{"start":{"line":91,"column":4},"end":{"line":91,"column":112}},"46":{"start":{"line":92,"column":4},"end":{"line":104,"column":10}},"47":{"start":{"line":94,"column":10},"end":{"line":103,"column":11}},"48":{"start":{"line":95,"column":12},"end":{"line":95,"column":103}},"49":{"start":{"line":96,"column":12},"end":{"line":96,"column":30}},"50":{"start":{"line":98,"column":12},"end":{"line":102,"column":13}},"51":{"start":{"line":99,"column":14},"end":{"line":99,"column":107}},"52":{"start":{"line":99,"column":64},"end":{"line":99,"column":106}},"53":{"start":{"line":101,"column":14},"end":{"line":101,"column":86}},"54":{"start":{"line":108,"column":0},"end":{"line":128,"column":1}},"55":{"start":{"line":109,"column":2},"end":{"line":109,"column":56}},"56":{"start":{"line":110,"column":2},"end":{"line":127,"column":6}},"57":{"start":{"line":115,"column":6},"end":{"line":115,"column":51}},"58":{"start":{"line":116,"column":6},"end":{"line":126,"column":7}},"59":{"start":{"line":118,"column":10},"end":{"line":118,"column":21}},"60":{"start":{"line":122,"column":10},"end":{"line":122,"column":80}},"61":{"start":{"line":125,"column":10},"end":{"line":125,"column":22}},"62":{"start":{"line":130,"column":0},"end":{"line":152,"column":1}},"63":{"start":{"line":131,"column":2},"end":{"line":131,"column":49}},"64":{"start":{"line":134,"column":2},"end":{"line":151,"column":4}},"65":{"start":{"line":135,"column":4},"end":{"line":135,"column":36}},"66":{"start":{"line":136,"column":4},"end":{"line":136,"column":52}},"67":{"start":{"line":137,"column":4},"end":{"line":137,"column":118}},"68":{"start":{"line":138,"column":4},"end":{"line":150,"column":6}},"69":{"start":{"line":143,"column":6},"end":{"line":143,"column":78}},"70":{"start":{"line":147,"column":6},"end":{"line":147,"column":120}},"71":{"start":{"line":149,"column":6},"end":{"line":149,"column":53}},"72":{"start":{"line":154,"column":0},"end":{"line":157,"column":1}}},"branchMap":{"1":{"line":36,"type":"binary-expr","locations":[{"start":{"line":36,"column":13},"end":{"line":36,"column":25}},{"start":{"line":36,"column":29},"end":{"line":36,"column":32}}]},"2":{"line":45,"type":"if","locations":[{"start":{"line":45,"column":16},"end":{"line":45,"column":16}},{"start":{"line":45,"column":16},"end":{"line":45,"column":16}}]},"3":{"line":81,"type":"if","locations":[{"start":{"line":81,"column":6},"end":{"line":81,"column":6}},{"start":{"line":81,"column":6},"end":{"line":81,"column":6}}]},"4":{"line":81,"type":"binary-expr","locations":[{"start":{"line":81,"column":10},"end":{"line":81,"column":18}},{"start":{"line":81,"column":22},"end":{"line":81,"column":33}}]},"5":{"line":90,"type":"binary-expr","locations":[{"start":{"line":90,"column":12},"end":{"line":90,"column":17}},{"start":{"line":90,"column":21},"end":{"line":90,"column":22}}]},"6":{"line":94,"type":"if","locations":[{"start":{"line":94,"column":10},"end":{"line":94,"column":10}},{"start":{"line":94,"column":10},"end":{"line":94,"column":10}}]},"7":{"line":98,"type":"if","locations":[{"start":{"line":98,"column":12},"end":{"line":98,"column":12}},{"start":{"line":98,"column":12},"end":{"line":98,"column":12}}]},"8":{"line":116,"type":"switch","locations":[{"start":{"line":117,"column":8},"end":{"line":118,"column":21}},{"start":{"line":120,"column":8},"end":{"line":120,"column":33}},{"start":{"line":121,"column":8},"end":{"line":122,"column":80}},{"start":{"line":124,"column":8},"end":{"line":125,"column":22}}]}}},"/home/travis/build/arf/java-codegen-spring/generator-spring/generators/prompts/spring.js":{"path":"/home/travis/build/arf/java-codegen-spring/generator-spring/generators/prompts/spring.js","s":{"1":1,"2":1,"3":0,"4":0,"5":0,"6":1,"7":0,"8":1,"9":0,"10":0,"11":0,"12":0,"13":0,"14":0,"15":0,"16":1,"17":0,"18":0,"19":1,"20":0,"21":1,"22":0,"23":1},"b":{"1":[0,0],"2":[0,0]},"f":{"1":0,"2":0,"3":0,"4":0,"5":0,"6":0},"fnMap":{"1":{"name":"Extension","line":21,"loc":{"start":{"line":21,"column":0},"end":{"line":21,"column":27}}},"2":{"name":"(anonymous_2)","line":27,"loc":{"start":{"line":27,"column":32},"end":{"line":27,"column":43}}},"3":{"name":"(anonymous_3)","line":35,"loc":{"start":{"line":35,"column":27},"end":{"line":35,"column":45}}},"4":{"name":"(anonymous_4)","line":49,"loc":{"start":{"line":49,"column":35},"end":{"line":49,"column":46}}},"5":{"name":"(anonymous_5)","line":93,"loc":{"start":{"line":93,"column":33},"end":{"line":93,"column":47}}},"6":{"name":"(anonymous_6)","line":97,"loc":{"start":{"line":97,"column":34},"end":{"line":97,"column":60}}}},"statementMap":{"1":{"start":{"line":19,"column":0},"end":{"line":19,"column":34}},"2":{"start":{"line":21,"column":0},"end":{"line":25,"column":1}},"3":{"start":{"line":22,"column":2},"end":{"line":22,"column":22}},"4":{"start":{"line":23,"column":2},"end":{"line":23,"column":23}},"5":{"start":{"line":24,"column":2},"end":{"line":24,"column":27}},"6":{"start":{"line":27,"column":0},"end":{"line":33,"column":1}},"7":{"start":{"line":28,"column":2},"end":{"line":32,"column":4}},"8":{"start":{"line":35,"column":0},"end":{"line":47,"column":1}},"9":{"start":{"line":36,"column":2},"end":{"line":36,"column":21}},"10":{"start":{"line":37,"column":2},"end":{"line":45,"column":3}},"11":{"start":{"line":38,"column":4},"end":{"line":42,"column":5}},"12":{"start":{"line":39,"column":6},"end":{"line":39,"column":50}},"13":{"start":{"line":41,"column":6},"end":{"line":41,"column":54}},"14":{"start":{"line":44,"column":4},"end":{"line":44,"column":52}},"15":{"start":{"line":46,"column":2},"end":{"line":46,"column":16}},"16":{"start":{"line":49,"column":0},"end":{"line":91,"column":1}},"17":{"start":{"line":50,"column":2},"end":{"line":90,"column":5}},"18":{"start":{"line":83,"column":30},"end":{"line":83,"column":52}},"19":{"start":{"line":93,"column":0},"end":{"line":95,"column":1}},"20":{"start":{"line":94,"column":2},"end":{"line":94,"column":21}},"21":{"start":{"line":97,"column":0},"end":{"line":99,"column":1}},"22":{"start":{"line":98,"column":2},"end":{"line":98,"column":39}},"23":{"start":{"line":101,"column":0},"end":{"line":101,"column":37}}},"branchMap":{"1":{"line":37,"type":"if","locations":[{"start":{"line":37,"column":2},"end":{"line":37,"column":2}},{"start":{"line":37,"column":2},"end":{"line":37,"column":2}}]},"2":{"line":38,"type":"if","locations":[{"start":{"line":38,"column":4},"end":{"line":38,"column":4}},{"start":{"line":38,"column":4},"end":{"line":38,"column":4}}]}}}}