TN:
SF:/home/travis/build/arf/java-codegen-spring/generator-spring/lib/assert.spring.js
FN:29,getCheck
FN:37,getBuildCheck
FN:43,AssertSpring
FN:44,(anonymous_4)
FN:46,(anonymous_5)
FN:51,(anonymous_6)
FN:52,(anonymous_7)
FN:68,(anonymous_8)
FN:70,(anonymous_9)
FNF:9
FNH:9
FNDA:4,getCheck
FNDA:2,getBuildCheck
FNDA:2,AssertSpring
FNDA:2,(anonymous_4)
FNDA:2,(anonymous_5)
FNDA:2,(anonymous_6)
FNDA:2,(anonymous_7)
FNDA:2,(anonymous_8)
FNDA:2,(anonymous_9)
DA:22,1
DA:23,1
DA:25,1
DA:26,1
DA:29,1
DA:30,4
DA:37,1
DA:38,2
DA:43,1
DA:44,2
DA:45,2
DA:46,2
DA:47,2
DA:51,2
DA:52,2
DA:53,2
DA:54,2
DA:55,1
DA:57,2
DA:58,1
DA:59,1
DA:60,1
DA:61,1
DA:62,1
DA:63,1
DA:68,2
DA:69,2
DA:70,2
DA:71,2
DA:76,1
LF:30
LH:30
BRDA:31,1,0,4
BRDA:31,1,1,0
BRDA:32,2,0,4
BRDA:32,2,1,0
BRDA:33,3,0,4
BRDA:33,3,1,0
BRDA:39,4,0,2
BRDA:39,4,1,0
BRDA:54,5,0,1
BRDA:54,5,1,1
BRDA:57,6,0,1
BRDA:57,6,1,1
BRF:12
BRH:8
end_of_record
TN:
SF:/home/travis/build/arf/java-codegen-spring/generator-spring/generators/app/index.js
FN:28,(anonymous_1)
FN:40,(anonymous_2)
FN:44,(anonymous_3)
FN:48,(anonymous_4)
FN:52,(anonymous_5)
FN:56,(anonymous_6)
FNF:6
FNH:6
FNDA:2,(anonymous_1)
FNDA:2,(anonymous_2)
FNDA:2,(anonymous_3)
FNDA:2,(anonymous_4)
FNDA:2,(anonymous_5)
FNDA:2,(anonymous_6)
DA:17,1
DA:18,1
DA:19,1
DA:20,1
DA:21,1
DA:22,1
DA:24,1
DA:26,1
DA:29,2
DA:30,2
DA:31,2
DA:32,2
DA:33,2
DA:34,2
DA:35,2
DA:36,2
DA:37,2
DA:49,2
DA:53,2
LF:19
LH:19
BRDA:30,1,0,0
BRDA:30,1,1,2
BRF:2
BRH:1
end_of_record
TN:
SF:/home/travis/build/arf/java-codegen-spring/generator-spring/lib/defaults.js
FN:26,(anonymous_1)
FNF:1
FNH:1
FNDA:1,(anonymous_1)
DA:19,1
DA:22,1
DA:25,1
DA:27,1
LF:4
LH:4
BRF:0
BRH:0
end_of_record
TN:
SF:/home/travis/build/arf/java-codegen-spring/generator-spring/generators/prompts/spring.js
FN:21,Extension
FN:27,(anonymous_2)
FN:35,(anonymous_3)
FN:49,(anonymous_4)
FN:93,(anonymous_5)
FN:97,(anonymous_6)
FNF:6
FNH:0
FNDA:0,Extension
FNDA:0,(anonymous_2)
FNDA:0,(anonymous_3)
FNDA:0,(anonymous_4)
FNDA:0,(anonymous_5)
FNDA:0,(anonymous_6)
DA:19,1
DA:21,1
DA:22,0
DA:23,0
DA:24,0
DA:27,1
DA:28,0
DA:35,1
DA:36,0
DA:37,0
DA:38,0
DA:39,0
DA:41,0
DA:44,0
DA:46,0
DA:49,1
DA:50,0
DA:83,0
DA:93,1
DA:94,0
DA:97,1
DA:98,0
DA:101,1
LF:23
LH:8
BRDA:37,1,0,0
BRDA:37,1,1,0
BRDA:38,2,0,0
BRDA:38,2,1,0
BRF:4
BRH:0
end_of_record
