TN:
SF:/home/travis/build/arf/java-codegen-spring/generator-spring/lib/assert.spring.js
FN:29,getCheck
FN:37,getBuildCheck
FN:43,AssertSpring
FN:44,(anonymous_4)
FN:46,(anonymous_5)
FN:51,(anonymous_6)
FN:54,(anonymous_7)
FN:63,(anonymous_8)
FN:64,(anonymous_9)
FN:80,(anonymous_10)
FN:82,(anonymous_11)
FNF:11
FNH:11
FNDA:4,getCheck
FNDA:6,getBuildCheck
FNDA:6,AssertSpring
FNDA:2,(anonymous_4)
FNDA:2,(anonymous_5)
FNDA:4,(anonymous_6)
FNDA:2,(anonymous_7)
FNDA:2,(anonymous_8)
FNDA:2,(anonymous_9)
FNDA:2,(anonymous_10)
FNDA:2,(anonymous_11)
DA:22,1
DA:23,1
DA:25,1
DA:26,1
DA:29,1
DA:30,4
DA:37,1
DA:38,6
DA:43,1
DA:44,6
DA:45,2
DA:46,2
DA:47,2
DA:51,6
DA:52,4
DA:53,4
DA:54,2
DA:55,2
DA:58,4
DA:59,2
DA:63,6
DA:64,2
DA:65,2
DA:66,2
DA:67,1
DA:69,2
DA:70,1
DA:71,1
DA:72,1
DA:73,1
DA:74,1
DA:75,1
DA:80,6
DA:81,2
DA:82,2
DA:83,2
DA:88,1
LF:37
LH:37
BRDA:31,1,0,4
BRDA:31,1,1,0
BRDA:32,2,0,4
BRDA:32,2,1,0
BRDA:33,3,0,4
BRDA:33,3,1,0
BRDA:39,4,0,6
BRDA:39,4,1,0
BRDA:53,5,0,2
BRDA:53,5,1,2
BRDA:58,6,0,2
BRDA:58,6,1,2
BRDA:66,7,0,1
BRDA:66,7,1,1
BRDA:69,8,0,1
BRDA:69,8,1,1
BRF:16
BRH:12
end_of_record
TN:
SF:/home/travis/build/arf/java-codegen-spring/generator-spring/generators/app/index.js
FN:28,(anonymous_1)
FN:40,(anonymous_2)
FN:44,(anonymous_3)
FN:48,(anonymous_4)
FN:52,(anonymous_5)
FN:56,(anonymous_6)
FNF:6
FNH:6
FNDA:6,(anonymous_1)
FNDA:6,(anonymous_2)
FNDA:6,(anonymous_3)
FNDA:6,(anonymous_4)
FNDA:6,(anonymous_5)
FNDA:6,(anonymous_6)
DA:17,1
DA:18,1
DA:19,1
DA:20,1
DA:21,1
DA:22,1
DA:24,1
DA:26,1
DA:29,6
DA:30,6
DA:31,6
DA:32,6
DA:33,6
DA:34,6
DA:35,6
DA:36,6
DA:37,6
DA:49,6
DA:53,6
LF:19
LH:19
BRDA:30,1,0,0
BRDA:30,1,1,6
BRF:2
BRH:1
end_of_record
TN:
SF:/home/travis/build/arf/java-codegen-spring/generator-spring/lib/defaults.js
FN:26,(anonymous_1)
FNF:1
FNH:1
FNDA:1,(anonymous_1)
DA:19,1
DA:22,1
DA:25,1
DA:27,1
LF:4
LH:4
BRF:0
BRH:0
end_of_record
TN:
SF:/home/travis/build/arf/java-codegen-spring/generator-spring/generators/prompts/spring.js
FN:21,Extension
FN:27,(anonymous_2)
FN:35,(anonymous_3)
FN:49,(anonymous_4)
FN:93,(anonymous_5)
FN:97,(anonymous_6)
FNF:6
FNH:0
FNDA:0,Extension
FNDA:0,(anonymous_2)
FNDA:0,(anonymous_3)
FNDA:0,(anonymous_4)
FNDA:0,(anonymous_5)
FNDA:0,(anonymous_6)
DA:19,1
DA:21,1
DA:22,0
DA:23,0
DA:24,0
DA:27,1
DA:28,0
DA:35,1
DA:36,0
DA:37,0
DA:38,0
DA:39,0
DA:41,0
DA:44,0
DA:46,0
DA:49,1
DA:50,0
DA:83,0
DA:93,1
DA:94,0
DA:97,1
DA:98,0
DA:101,1
LF:23
LH:8
BRDA:37,1,0,0
BRDA:37,1,1,0
BRDA:38,2,0,0
BRDA:38,2,1,0
BRF:4
BRH:0
end_of_record
