{"/home/travis/build/arf/java-codegen-spring/generator-spring/lib/assert.openapi.js":{"path":"/home/travis/build/arf/java-codegen-spring/generator-spring/lib/assert.openapi.js","s":{"1":1,"2":1,"3":1,"4":1,"5":8,"6":8,"7":8,"8":8,"9":8,"10":8,"11":6,"12":6,"13":8,"14":2,"15":2,"16":8,"17":0,"18":8,"19":0,"20":1},"b":{"1":[6,2],"2":[6,2],"3":[6,2],"4":[2,6]},"f":{"1":8,"2":8,"3":8,"4":6,"5":2,"6":0,"7":0},"fnMap":{"1":{"name":"AssertOpenApi","line":26,"loc":{"start":{"line":26,"column":0},"end":{"line":26,"column":25}}},"2":{"name":"(anonymous_2)","line":27,"loc":{"start":{"line":27,"column":18},"end":{"line":27,"column":45}}},"3":{"name":"(anonymous_3)","line":30,"loc":{"start":{"line":30,"column":40},"end":{"line":30,"column":51}}},"4":{"name":"(anonymous_4)","line":43,"loc":{"start":{"line":43,"column":47},"end":{"line":43,"column":58}}},"5":{"name":"(anonymous_5)","line":61,"loc":{"start":{"line":61,"column":48},"end":{"line":61,"column":59}}},"6":{"name":"(anonymous_6)","line":71,"loc":{"start":{"line":71,"column":22},"end":{"line":71,"column":33}}},"7":{"name":"(anonymous_7)","line":75,"loc":{"start":{"line":75,"column":23},"end":{"line":75,"column":34}}}},"statementMap":{"1":{"start":{"line":22,"column":0},"end":{"line":22,"column":40}},"2":{"start":{"line":23,"column":0},"end":{"line":23,"column":66}},"3":{"start":{"line":24,"column":0},"end":{"line":24,"column":68}},"4":{"start":{"line":26,"column":0},"end":{"line":78,"column":1}},"5":{"start":{"line":27,"column":4},"end":{"line":69,"column":5}},"6":{"start":{"line":28,"column":8},"end":{"line":28,"column":57}},"7":{"start":{"line":29,"column":8},"end":{"line":29,"column":60}},"8":{"start":{"line":30,"column":8},"end":{"line":41,"column":11}},"9":{"start":{"line":31,"column":12},"end":{"line":40,"column":14}},"10":{"start":{"line":42,"column":8},"end":{"line":59,"column":9}},"11":{"start":{"line":43,"column":12},"end":{"line":58,"column":15}},"12":{"start":{"line":44,"column":16},"end":{"line":57,"column":18}},"13":{"start":{"line":60,"column":8},"end":{"line":68,"column":9}},"14":{"start":{"line":61,"column":12},"end":{"line":67,"column":15}},"15":{"start":{"line":62,"column":16},"end":{"line":66,"column":18}},"16":{"start":{"line":71,"column":4},"end":{"line":73,"column":5}},"17":{"start":{"line":72,"column":8},"end":{"line":72,"column":49}},"18":{"start":{"line":75,"column":4},"end":{"line":77,"column":5}},"19":{"start":{"line":76,"column":8},"end":{"line":76,"column":51}},"20":{"start":{"line":80,"column":0},"end":{"line":80,"column":41}}},"branchMap":{"1":{"line":28,"type":"cond-expr","locations":[{"start":{"line":28,"column":29},"end":{"line":28,"column":40}},{"start":{"line":28,"column":43},"end":{"line":28,"column":56}}]},"2":{"line":29,"type":"cond-expr","locations":[{"start":{"line":29,"column":28},"end":{"line":29,"column":38}},{"start":{"line":29,"column":41},"end":{"line":29,"column":59}}]},"3":{"line":42,"type":"if","locations":[{"start":{"line":42,"column":8},"end":{"line":42,"column":8}},{"start":{"line":42,"column":8},"end":{"line":42,"column":8}}]},"4":{"line":60,"type":"if","locations":[{"start":{"line":60,"column":8},"end":{"line":60,"column":8}},{"start":{"line":60,"column":8},"end":{"line":60,"column":8}}]}}},"/home/travis/build/arf/java-codegen-spring/generator-spring/lib/assert.spring.js":{"path":"/home/travis/build/arf/java-codegen-spring/generator-spring/lib/assert.spring.js","s":{"1":1,"2":1,"3":1,"4":1,"5":1,"6":4,"7":1,"8":6,"9":1,"10":6,"11":2,"12":2,"13":2,"14":6,"15":4,"16":4,"17":2,"18":2,"19":4,"20":2,"21":6,"22":2,"23":2,"24":2,"25":1,"26":2,"27":1,"28":1,"29":1,"30":1,"31":1,"32":1,"33":6,"34":2,"35":2,"36":2,"37":1},"b":{"1":[4,0],"2":[4,0],"3":[4,0],"4":[6,0],"5":[2,2],"6":[2,2],"7":[1,1],"8":[1,1]},"f":{"1":4,"2":6,"3":6,"4":2,"5":2,"6":4,"7":2,"8":2,"9":2,"10":2,"11":2},"fnMap":{"1":{"name":"getCheck","line":29,"loc":{"start":{"line":29,"column":0},"end":{"line":29,"column":26}}},"2":{"name":"getBuildCheck","line":37,"loc":{"start":{"line":37,"column":0},"end":{"line":37,"column":42}}},"3":{"name":"AssertSpring","line":43,"loc":{"start":{"line":43,"column":0},"end":{"line":43,"column":24}}},"4":{"name":"(anonymous_4)","line":44,"loc":{"start":{"line":44,"column":24},"end":{"line":44,"column":41}}},"5":{"name":"(anonymous_5)","line":46,"loc":{"start":{"line":46,"column":76},"end":{"line":46,"column":87}}},"6":{"name":"(anonymous_6)","line":51,"loc":{"start":{"line":51,"column":26},"end":{"line":51,"column":50}}},"7":{"name":"(anonymous_7)","line":54,"loc":{"start":{"line":54,"column":67},"end":{"line":54,"column":78}}},"8":{"name":"(anonymous_8)","line":63,"loc":{"start":{"line":63,"column":23},"end":{"line":63,"column":43}}},"9":{"name":"(anonymous_9)","line":64,"loc":{"start":{"line":64,"column":58},"end":{"line":64,"column":69}}},"10":{"name":"(anonymous_10)","line":80,"loc":{"start":{"line":80,"column":19},"end":{"line":80,"column":49}}},"11":{"name":"(anonymous_11)","line":82,"loc":{"start":{"line":82,"column":89},"end":{"line":82,"column":100}}}},"statementMap":{"1":{"start":{"line":22,"column":0},"end":{"line":22,"column":40}},"2":{"start":{"line":23,"column":0},"end":{"line":23,"column":42}},"3":{"start":{"line":25,"column":0},"end":{"line":25,"column":39}},"4":{"start":{"line":26,"column":0},"end":{"line":26,"column":69}},"5":{"start":{"line":29,"column":0},"end":{"line":35,"column":1}},"6":{"start":{"line":30,"column":2},"end":{"line":34,"column":3}},"7":{"start":{"line":37,"column":0},"end":{"line":41,"column":1}},"8":{"start":{"line":38,"column":2},"end":{"line":40,"column":3}},"9":{"start":{"line":43,"column":0},"end":{"line":86,"column":1}},"10":{"start":{"line":44,"column":2},"end":{"line":49,"column":3}},"11":{"start":{"line":45,"column":4},"end":{"line":45,"column":33}},"12":{"start":{"line":46,"column":4},"end":{"line":48,"column":7}},"13":{"start":{"line":47,"column":6},"end":{"line":47,"column":29}},"14":{"start":{"line":51,"column":2},"end":{"line":61,"column":3}},"15":{"start":{"line":52,"column":4},"end":{"line":52,"column":47}},"16":{"start":{"line":53,"column":4},"end":{"line":57,"column":5}},"17":{"start":{"line":54,"column":6},"end":{"line":56,"column":9}},"18":{"start":{"line":55,"column":8},"end":{"line":55,"column":83}},"19":{"start":{"line":58,"column":4},"end":{"line":60,"column":5}},"20":{"start":{"line":59,"column":6},"end":{"line":59,"column":59}},"21":{"start":{"line":63,"column":2},"end":{"line":78,"column":3}},"22":{"start":{"line":64,"column":4},"end":{"line":77,"column":7}},"23":{"start":{"line":65,"column":6},"end":{"line":65,"column":49}},"24":{"start":{"line":66,"column":6},"end":{"line":68,"column":7}},"25":{"start":{"line":67,"column":8},"end":{"line":67,"column":94}},"26":{"start":{"line":69,"column":6},"end":{"line":76,"column":7}},"27":{"start":{"line":70,"column":8},"end":{"line":70,"column":53}},"28":{"start":{"line":71,"column":8},"end":{"line":71,"column":54}},"29":{"start":{"line":72,"column":8},"end":{"line":72,"column":59}},"30":{"start":{"line":73,"column":8},"end":{"line":73,"column":169}},"31":{"start":{"line":74,"column":8},"end":{"line":74,"column":40}},"32":{"start":{"line":75,"column":8},"end":{"line":75,"column":29}},"33":{"start":{"line":80,"column":2},"end":{"line":85,"column":3}},"34":{"start":{"line":81,"column":4},"end":{"line":81,"column":33}},"35":{"start":{"line":82,"column":4},"end":{"line":84,"column":7}},"36":{"start":{"line":83,"column":6},"end":{"line":83,"column":59}},"37":{"start":{"line":88,"column":0},"end":{"line":88,"column":40}}},"branchMap":{"1":{"line":31,"type":"cond-expr","locations":[{"start":{"line":31,"column":20},"end":{"line":31,"column":31}},{"start":{"line":31,"column":34},"end":{"line":31,"column":47}}]},"2":{"line":32,"type":"cond-expr","locations":[{"start":{"line":32,"column":20},"end":{"line":32,"column":36}},{"start":{"line":32,"column":39},"end":{"line":32,"column":59}}]},"3":{"line":33,"type":"cond-expr","locations":[{"start":{"line":33,"column":23},"end":{"line":33,"column":41}},{"start":{"line":33,"column":44},"end":{"line":33,"column":64}}]},"4":{"line":39,"type":"cond-expr","locations":[{"start":{"line":39,"column":23},"end":{"line":39,"column":58}},{"start":{"line":39,"column":61},"end":{"line":39,"column":98}}]},"5":{"line":53,"type":"if","locations":[{"start":{"line":53,"column":4},"end":{"line":53,"column":4}},{"start":{"line":53,"column":4},"end":{"line":53,"column":4}}]},"6":{"line":58,"type":"if","locations":[{"start":{"line":58,"column":4},"end":{"line":58,"column":4}},{"start":{"line":58,"column":4},"end":{"line":58,"column":4}}]},"7":{"line":66,"type":"if","locations":[{"start":{"line":66,"column":6},"end":{"line":66,"column":6}},{"start":{"line":66,"column":6},"end":{"line":66,"column":6}}]},"8":{"line":69,"type":"if","locations":[{"start":{"line":69,"column":6},"end":{"line":69,"column":6}},{"start":{"line":69,"column":6},"end":{"line":69,"column":6}}]}}},"/home/travis/build/arf/java-codegen-spring/generator-spring/generators/app/index.js":{"path":"/home/travis/build/arf/java-codegen-spring/generator-spring/generators/app/index.js","s":{"1":1,"2":1,"3":1,"4":1,"5":1,"6":1,"7":1,"8":1,"9":1,"10":14,"11":14,"12":0,"13":14,"14":14,"15":14,"16":14,"17":14,"18":14,"19":14,"20":14,"21":14,"22":14,"23":6,"24":6,"25":14,"26":6,"27":14},"b":{"1":[0,14],"2":[6,8],"3":[14,6,6],"4":[6,8]},"f":{"1":14,"2":14,"3":14,"4":14,"5":14,"6":14},"fnMap":{"1":{"name":"(anonymous_1)","line":29,"loc":{"start":{"line":29,"column":13},"end":{"line":29,"column":26}}},"2":{"name":"(anonymous_2)","line":42,"loc":{"start":{"line":42,"column":14},"end":{"line":42,"column":17}}},"3":{"name":"(anonymous_3)","line":46,"loc":{"start":{"line":46,"column":11},"end":{"line":46,"column":14}}},"4":{"name":"(anonymous_4)","line":50,"loc":{"start":{"line":50,"column":13},"end":{"line":50,"column":16}}},"5":{"name":"(anonymous_5)","line":60,"loc":{"start":{"line":60,"column":9},"end":{"line":60,"column":12}}},"6":{"name":"(anonymous_6)","line":67,"loc":{"start":{"line":67,"column":5},"end":{"line":67,"column":8}}}},"statementMap":{"1":{"start":{"line":17,"column":0},"end":{"line":17,"column":44}},"2":{"start":{"line":18,"column":0},"end":{"line":18,"column":39}},"3":{"start":{"line":19,"column":0},"end":{"line":19,"column":29}},"4":{"start":{"line":20,"column":0},"end":{"line":20,"column":23}},"5":{"start":{"line":21,"column":0},"end":{"line":21,"column":31}},"6":{"start":{"line":22,"column":0},"end":{"line":22,"column":47}},"7":{"start":{"line":23,"column":0},"end":{"line":23,"column":45}},"8":{"start":{"line":25,"column":0},"end":{"line":25,"column":30}},"9":{"start":{"line":27,"column":0},"end":{"line":70,"column":2}},"10":{"start":{"line":30,"column":4},"end":{"line":30,"column":22}},"11":{"start":{"line":31,"column":4},"end":{"line":31,"column":91}},"12":{"start":{"line":31,"column":22},"end":{"line":31,"column":91}},"13":{"start":{"line":32,"column":4},"end":{"line":32,"column":30}},"14":{"start":{"line":33,"column":4},"end":{"line":33,"column":31}},"15":{"start":{"line":34,"column":4},"end":{"line":34,"column":69}},"16":{"start":{"line":35,"column":4},"end":{"line":35,"column":66}},"17":{"start":{"line":36,"column":4},"end":{"line":36,"column":33}},"18":{"start":{"line":37,"column":4},"end":{"line":37,"column":41}},"19":{"start":{"line":38,"column":4},"end":{"line":38,"column":25}},"20":{"start":{"line":39,"column":4},"end":{"line":39,"column":71}},"21":{"start":{"line":51,"column":4},"end":{"line":51,"column":25}},"22":{"start":{"line":52,"column":4},"end":{"line":57,"column":5}},"23":{"start":{"line":53,"column":6},"end":{"line":56,"column":11}},"24":{"start":{"line":55,"column":10},"end":{"line":55,"column":31}},"25":{"start":{"line":61,"column":4},"end":{"line":63,"column":5}},"26":{"start":{"line":62,"column":6},"end":{"line":62,"column":48}},"27":{"start":{"line":64,"column":4},"end":{"line":64,"column":36}}},"branchMap":{"1":{"line":31,"type":"if","locations":[{"start":{"line":31,"column":4},"end":{"line":31,"column":4}},{"start":{"line":31,"column":4},"end":{"line":31,"column":4}}]},"2":{"line":52,"type":"if","locations":[{"start":{"line":52,"column":4},"end":{"line":52,"column":4}},{"start":{"line":52,"column":4},"end":{"line":52,"column":4}}]},"3":{"line":52,"type":"binary-expr","locations":[{"start":{"line":52,"column":7},"end":{"line":52,"column":24}},{"start":{"line":52,"column":28},"end":{"line":52,"column":60}},{"start":{"line":52,"column":64},"end":{"line":52,"column":109}}]},"4":{"line":61,"type":"if","locations":[{"start":{"line":61,"column":4},"end":{"line":61,"column":4}},{"start":{"line":61,"column":4},"end":{"line":61,"column":4}}]}}},"/home/travis/build/arf/java-codegen-spring/generator-spring/lib/defaults.js":{"path":"/home/travis/build/arf/java-codegen-spring/generator-spring/lib/defaults.js","s":{"1":1,"2":1,"3":1,"4":1},"b":{},"f":{"1":1},"fnMap":{"1":{"name":"(anonymous_1)","line":26,"loc":{"start":{"line":26,"column":13},"end":{"line":26,"column":16}}}},"statementMap":{"1":{"start":{"line":19,"column":0},"end":{"line":19,"column":59}},"2":{"start":{"line":22,"column":0},"end":{"line":23,"column":2}},"3":{"start":{"line":25,"column":0},"end":{"line":29,"column":1}},"4":{"start":{"line":27,"column":4},"end":{"line":27,"column":20}}},"branchMap":{}},"/home/travis/build/arf/java-codegen-spring/generator-spring/lib/openapi.js":{"path":"/home/travis/build/arf/java-codegen-spring/generator-spring/lib/openapi.js","s":{"1":1,"2":1,"3":1,"4":1,"5":1,"6":1,"7":1,"8":1,"9":1,"10":1,"11":1,"12":1,"13":1,"14":1,"15":6,"16":6,"17":6,"18":6,"19":6,"20":6,"21":10,"22":10,"23":10,"24":6,"25":6,"26":1,"27":10,"28":10,"29":10,"30":1,"31":6,"32":10,"33":1,"34":10,"35":10,"36":10,"37":10,"38":10,"39":10,"40":0,"41":10,"42":10,"43":1,"44":22,"45":22,"46":22,"47":22,"48":10,"49":10,"50":12,"51":12,"52":12,"53":0,"54":1,"55":22,"56":22,"57":22,"58":22,"59":10,"60":0,"61":12,"62":1,"63":10,"64":10,"65":10,"66":10,"67":10,"68":10,"69":0,"70":10,"71":10,"72":1},"b":{"1":[6,0],"2":[6,4],"3":[10,0],"4":[10,10],"5":[22,10],"6":[10,12],"7":[12,0],"8":[10,0,0,12]},"f":{"1":6,"2":10,"3":6,"4":10,"5":10,"6":22,"7":22,"8":10},"fnMap":{"1":{"name":"(anonymous_1)","line":35,"loc":{"start":{"line":35,"column":15},"end":{"line":35,"column":44}}},"2":{"name":"(anonymous_2)","line":54,"loc":{"start":{"line":54,"column":22},"end":{"line":54,"column":36}}},"3":{"name":"(anonymous_3)","line":62,"loc":{"start":{"line":62,"column":17},"end":{"line":62,"column":43}}},"4":{"name":"(anonymous_4)","line":68,"loc":{"start":{"line":68,"column":32},"end":{"line":68,"column":73}}},"5":{"name":"(anonymous_5)","line":79,"loc":{"start":{"line":79,"column":10},"end":{"line":79,"column":30}}},"6":{"name":"checkUntilFinished","line":89,"loc":{"start":{"line":89,"column":2},"end":{"line":89,"column":51}}},"7":{"name":"getStatusAsync","line":108,"loc":{"start":{"line":108,"column":0},"end":{"line":108,"column":38}}},"8":{"name":"(anonymous_8)","line":130,"loc":{"start":{"line":130,"column":24},"end":{"line":130,"column":55}}}},"statementMap":{"1":{"start":{"line":19,"column":0},"end":{"line":19,"column":29}},"2":{"start":{"line":20,"column":0},"end":{"line":20,"column":35}},"3":{"start":{"line":21,"column":0},"end":{"line":21,"column":36}},"4":{"start":{"line":22,"column":0},"end":{"line":22,"column":30}},"5":{"start":{"line":23,"column":0},"end":{"line":23,"column":47}},"6":{"start":{"line":24,"column":0},"end":{"line":24,"column":25}},"7":{"start":{"line":25,"column":0},"end":{"line":25,"column":29}},"8":{"start":{"line":26,"column":0},"end":{"line":26,"column":25}},"9":{"start":{"line":27,"column":0},"end":{"line":27,"column":44}},"10":{"start":{"line":28,"column":0},"end":{"line":28,"column":30}},"11":{"start":{"line":30,"column":0},"end":{"line":30,"column":85}},"12":{"start":{"line":31,"column":0},"end":{"line":31,"column":30}},"13":{"start":{"line":33,"column":0},"end":{"line":33,"column":17}},"14":{"start":{"line":35,"column":0},"end":{"line":52,"column":1}},"15":{"start":{"line":36,"column":4},"end":{"line":36,"column":33}},"16":{"start":{"line":37,"column":4},"end":{"line":37,"column":81}},"17":{"start":{"line":38,"column":4},"end":{"line":38,"column":24}},"18":{"start":{"line":39,"column":4},"end":{"line":50,"column":7}},"19":{"start":{"line":40,"column":8},"end":{"line":40,"column":18}},"20":{"start":{"line":41,"column":8},"end":{"line":49,"column":11}},"21":{"start":{"line":42,"column":12},"end":{"line":48,"column":15}},"22":{"start":{"line":44,"column":16},"end":{"line":44,"column":37}},"23":{"start":{"line":45,"column":16},"end":{"line":47,"column":17}},"24":{"start":{"line":46,"column":16},"end":{"line":46,"column":36}},"25":{"start":{"line":51,"column":4},"end":{"line":51,"column":13}},"26":{"start":{"line":54,"column":0},"end":{"line":60,"column":1}},"27":{"start":{"line":55,"column":4},"end":{"line":59,"column":11}},"28":{"start":{"line":57,"column":12},"end":{"line":57,"column":111}},"29":{"start":{"line":58,"column":12},"end":{"line":58,"column":66}},"30":{"start":{"line":62,"column":0},"end":{"line":66,"column":1}},"31":{"start":{"line":63,"column":4},"end":{"line":65,"column":7}},"32":{"start":{"line":64,"column":8},"end":{"line":64,"column":123}},"33":{"start":{"line":68,"column":0},"end":{"line":106,"column":1}},"34":{"start":{"line":69,"column":2},"end":{"line":69,"column":55}},"35":{"start":{"line":70,"column":2},"end":{"line":70,"column":86}},"36":{"start":{"line":71,"column":2},"end":{"line":87,"column":57}},"37":{"start":{"line":80,"column":6},"end":{"line":80,"column":42}},"38":{"start":{"line":81,"column":6},"end":{"line":83,"column":7}},"39":{"start":{"line":82,"column":8},"end":{"line":82,"column":26}},"40":{"start":{"line":84,"column":6},"end":{"line":84,"column":105}},"41":{"start":{"line":86,"column":24},"end":{"line":86,"column":109}},"42":{"start":{"line":87,"column":25},"end":{"line":87,"column":56}},"43":{"start":{"line":89,"column":2},"end":{"line":105,"column":3}},"44":{"start":{"line":90,"column":4},"end":{"line":90,"column":22}},"45":{"start":{"line":91,"column":4},"end":{"line":91,"column":112}},"46":{"start":{"line":92,"column":4},"end":{"line":104,"column":10}},"47":{"start":{"line":94,"column":10},"end":{"line":103,"column":11}},"48":{"start":{"line":95,"column":12},"end":{"line":95,"column":103}},"49":{"start":{"line":96,"column":12},"end":{"line":96,"column":30}},"50":{"start":{"line":98,"column":12},"end":{"line":102,"column":13}},"51":{"start":{"line":99,"column":14},"end":{"line":99,"column":107}},"52":{"start":{"line":99,"column":64},"end":{"line":99,"column":106}},"53":{"start":{"line":101,"column":14},"end":{"line":101,"column":86}},"54":{"start":{"line":108,"column":0},"end":{"line":128,"column":1}},"55":{"start":{"line":109,"column":2},"end":{"line":109,"column":56}},"56":{"start":{"line":110,"column":2},"end":{"line":127,"column":6}},"57":{"start":{"line":115,"column":6},"end":{"line":115,"column":51}},"58":{"start":{"line":116,"column":6},"end":{"line":126,"column":7}},"59":{"start":{"line":118,"column":10},"end":{"line":118,"column":21}},"60":{"start":{"line":122,"column":10},"end":{"line":122,"column":80}},"61":{"start":{"line":125,"column":10},"end":{"line":125,"column":22}},"62":{"start":{"line":130,"column":0},"end":{"line":152,"column":1}},"63":{"start":{"line":131,"column":2},"end":{"line":131,"column":49}},"64":{"start":{"line":134,"column":2},"end":{"line":151,"column":4}},"65":{"start":{"line":135,"column":4},"end":{"line":135,"column":36}},"66":{"start":{"line":136,"column":4},"end":{"line":136,"column":52}},"67":{"start":{"line":137,"column":4},"end":{"line":137,"column":118}},"68":{"start":{"line":138,"column":4},"end":{"line":150,"column":6}},"69":{"start":{"line":143,"column":6},"end":{"line":143,"column":78}},"70":{"start":{"line":147,"column":6},"end":{"line":147,"column":120}},"71":{"start":{"line":149,"column":6},"end":{"line":149,"column":53}},"72":{"start":{"line":154,"column":0},"end":{"line":157,"column":1}}},"branchMap":{"1":{"line":36,"type":"binary-expr","locations":[{"start":{"line":36,"column":13},"end":{"line":36,"column":25}},{"start":{"line":36,"column":29},"end":{"line":36,"column":32}}]},"2":{"line":45,"type":"if","locations":[{"start":{"line":45,"column":16},"end":{"line":45,"column":16}},{"start":{"line":45,"column":16},"end":{"line":45,"column":16}}]},"3":{"line":81,"type":"if","locations":[{"start":{"line":81,"column":6},"end":{"line":81,"column":6}},{"start":{"line":81,"column":6},"end":{"line":81,"column":6}}]},"4":{"line":81,"type":"binary-expr","locations":[{"start":{"line":81,"column":10},"end":{"line":81,"column":18}},{"start":{"line":81,"column":22},"end":{"line":81,"column":33}}]},"5":{"line":90,"type":"binary-expr","locations":[{"start":{"line":90,"column":12},"end":{"line":90,"column":17}},{"start":{"line":90,"column":21},"end":{"line":90,"column":22}}]},"6":{"line":94,"type":"if","locations":[{"start":{"line":94,"column":10},"end":{"line":94,"column":10}},{"start":{"line":94,"column":10},"end":{"line":94,"column":10}}]},"7":{"line":98,"type":"if","locations":[{"start":{"line":98,"column":12},"end":{"line":98,"column":12}},{"start":{"line":98,"column":12},"end":{"line":98,"column":12}}]},"8":{"line":116,"type":"switch","locations":[{"start":{"line":117,"column":8},"end":{"line":118,"column":21}},{"start":{"line":120,"column":8},"end":{"line":120,"column":33}},{"start":{"line":121,"column":8},"end":{"line":122,"column":80}},{"start":{"line":124,"column":8},"end":{"line":125,"column":22}}]}}},"/home/travis/build/arf/java-codegen-spring/generator-spring/generators/prompts/spring.js":{"path":"/home/travis/build/arf/java-codegen-spring/generator-spring/generators/prompts/spring.js","s":{"1":1,"2":1,"3":0,"4":0,"5":0,"6":1,"7":0,"8":1,"9":0,"10":0,"11":0,"12":0,"13":0,"14":0,"15":0,"16":1,"17":0,"18":0,"19":1,"20":0,"21":1,"22":0,"23":1},"b":{"1":[0,0],"2":[0,0]},"f":{"1":0,"2":0,"3":0,"4":0,"5":0,"6":0},"fnMap":{"1":{"name":"Extension","line":21,"loc":{"start":{"line":21,"column":0},"end":{"line":21,"column":27}}},"2":{"name":"(anonymous_2)","line":27,"loc":{"start":{"line":27,"column":32},"end":{"line":27,"column":43}}},"3":{"name":"(anonymous_3)","line":35,"loc":{"start":{"line":35,"column":27},"end":{"line":35,"column":45}}},"4":{"name":"(anonymous_4)","line":49,"loc":{"start":{"line":49,"column":35},"end":{"line":49,"column":46}}},"5":{"name":"(anonymous_5)","line":93,"loc":{"start":{"line":93,"column":33},"end":{"line":93,"column":47}}},"6":{"name":"(anonymous_6)","line":97,"loc":{"start":{"line":97,"column":34},"end":{"line":97,"column":60}}}},"statementMap":{"1":{"start":{"line":19,"column":0},"end":{"line":19,"column":34}},"2":{"start":{"line":21,"column":0},"end":{"line":25,"column":1}},"3":{"start":{"line":22,"column":2},"end":{"line":22,"column":22}},"4":{"start":{"line":23,"column":2},"end":{"line":23,"column":23}},"5":{"start":{"line":24,"column":2},"end":{"line":24,"column":27}},"6":{"start":{"line":27,"column":0},"end":{"line":33,"column":1}},"7":{"start":{"line":28,"column":2},"end":{"line":32,"column":4}},"8":{"start":{"line":35,"column":0},"end":{"line":47,"column":1}},"9":{"start":{"line":36,"column":2},"end":{"line":36,"column":21}},"10":{"start":{"line":37,"column":2},"end":{"line":45,"column":3}},"11":{"start":{"line":38,"column":4},"end":{"line":42,"column":5}},"12":{"start":{"line":39,"column":6},"end":{"line":39,"column":50}},"13":{"start":{"line":41,"column":6},"end":{"line":41,"column":54}},"14":{"start":{"line":44,"column":4},"end":{"line":44,"column":52}},"15":{"start":{"line":46,"column":2},"end":{"line":46,"column":16}},"16":{"start":{"line":49,"column":0},"end":{"line":91,"column":1}},"17":{"start":{"line":50,"column":2},"end":{"line":90,"column":5}},"18":{"start":{"line":83,"column":30},"end":{"line":83,"column":52}},"19":{"start":{"line":93,"column":0},"end":{"line":95,"column":1}},"20":{"start":{"line":94,"column":2},"end":{"line":94,"column":21}},"21":{"start":{"line":97,"column":0},"end":{"line":99,"column":1}},"22":{"start":{"line":98,"column":2},"end":{"line":98,"column":39}},"23":{"start":{"line":101,"column":0},"end":{"line":101,"column":37}}},"branchMap":{"1":{"line":37,"type":"if","locations":[{"start":{"line":37,"column":2},"end":{"line":37,"column":2}},{"start":{"line":37,"column":2},"end":{"line":37,"column":2}}]},"2":{"line":38,"type":"if","locations":[{"start":{"line":38,"column":4},"end":{"line":38,"column":4}},{"start":{"line":38,"column":4},"end":{"line":38,"column":4}}]}}}}