{"/home/travis/build/arf/java-codegen-spring/generator-spring/lib/assert.spring.js":{"path":"/home/travis/build/arf/java-codegen-spring/generator-spring/lib/assert.spring.js","s":{"1":1,"2":1,"3":1,"4":1,"5":2,"6":1,"7":2,"8":1,"9":2,"10":2,"11":2,"12":2,"13":2,"14":2,"15":2,"16":1,"17":2,"18":1,"19":1,"20":1,"21":1,"22":1,"23":1,"24":1},"b":{"1":[2,0],"2":[2,0],"3":[2,0],"4":[2,0],"5":[1,1],"6":[1,1]},"f":{"1":2,"2":2,"3":2,"4":2,"5":2,"6":2,"7":2},"fnMap":{"1":{"name":"getCheck","line":28,"loc":{"start":{"line":28,"column":0},"end":{"line":28,"column":26}}},"2":{"name":"getBuildCheck","line":36,"loc":{"start":{"line":36,"column":0},"end":{"line":36,"column":42}}},"3":{"name":"AssertSpring","line":42,"loc":{"start":{"line":42,"column":0},"end":{"line":42,"column":24}}},"4":{"name":"(anonymous_4)","line":43,"loc":{"start":{"line":43,"column":24},"end":{"line":43,"column":41}}},"5":{"name":"(anonymous_5)","line":45,"loc":{"start":{"line":45,"column":45},"end":{"line":45,"column":56}}},"6":{"name":"(anonymous_6)","line":50,"loc":{"start":{"line":50,"column":23},"end":{"line":50,"column":43}}},"7":{"name":"(anonymous_7)","line":51,"loc":{"start":{"line":51,"column":58},"end":{"line":51,"column":69}}}},"statementMap":{"1":{"start":{"line":22,"column":0},"end":{"line":22,"column":40}},"2":{"start":{"line":23,"column":0},"end":{"line":23,"column":42}},"3":{"start":{"line":25,"column":0},"end":{"line":25,"column":39}},"4":{"start":{"line":28,"column":0},"end":{"line":34,"column":1}},"5":{"start":{"line":29,"column":2},"end":{"line":33,"column":3}},"6":{"start":{"line":36,"column":0},"end":{"line":40,"column":1}},"7":{"start":{"line":37,"column":2},"end":{"line":39,"column":3}},"8":{"start":{"line":42,"column":0},"end":{"line":66,"column":1}},"9":{"start":{"line":43,"column":2},"end":{"line":48,"column":3}},"10":{"start":{"line":44,"column":4},"end":{"line":44,"column":33}},"11":{"start":{"line":45,"column":4},"end":{"line":47,"column":7}},"12":{"start":{"line":50,"column":2},"end":{"line":65,"column":3}},"13":{"start":{"line":51,"column":4},"end":{"line":64,"column":7}},"14":{"start":{"line":52,"column":6},"end":{"line":52,"column":49}},"15":{"start":{"line":53,"column":6},"end":{"line":55,"column":7}},"16":{"start":{"line":54,"column":8},"end":{"line":54,"column":94}},"17":{"start":{"line":56,"column":6},"end":{"line":63,"column":7}},"18":{"start":{"line":57,"column":8},"end":{"line":57,"column":53}},"19":{"start":{"line":58,"column":8},"end":{"line":58,"column":54}},"20":{"start":{"line":59,"column":8},"end":{"line":59,"column":59}},"21":{"start":{"line":60,"column":8},"end":{"line":60,"column":169}},"22":{"start":{"line":61,"column":8},"end":{"line":61,"column":40}},"23":{"start":{"line":62,"column":8},"end":{"line":62,"column":29}},"24":{"start":{"line":68,"column":0},"end":{"line":68,"column":40}}},"branchMap":{"1":{"line":30,"type":"cond-expr","locations":[{"start":{"line":30,"column":20},"end":{"line":30,"column":31}},{"start":{"line":30,"column":34},"end":{"line":30,"column":47}}]},"2":{"line":31,"type":"cond-expr","locations":[{"start":{"line":31,"column":20},"end":{"line":31,"column":36}},{"start":{"line":31,"column":39},"end":{"line":31,"column":59}}]},"3":{"line":32,"type":"cond-expr","locations":[{"start":{"line":32,"column":23},"end":{"line":32,"column":41}},{"start":{"line":32,"column":44},"end":{"line":32,"column":64}}]},"4":{"line":38,"type":"cond-expr","locations":[{"start":{"line":38,"column":23},"end":{"line":38,"column":58}},{"start":{"line":38,"column":61},"end":{"line":38,"column":98}}]},"5":{"line":53,"type":"if","locations":[{"start":{"line":53,"column":6},"end":{"line":53,"column":6}},{"start":{"line":53,"column":6},"end":{"line":53,"column":6}}]},"6":{"line":56,"type":"if","locations":[{"start":{"line":56,"column":6},"end":{"line":56,"column":6}},{"start":{"line":56,"column":6},"end":{"line":56,"column":6}}]}}},"/home/travis/build/arf/java-codegen-spring/generator-spring/generators/app/index.js":{"path":"/home/travis/build/arf/java-codegen-spring/generator-spring/generators/app/index.js","s":{"1":1,"2":1,"3":1,"4":1,"5":1,"6":1,"7":1,"8":1,"9":2,"10":2,"11":0,"12":2,"13":2,"14":2,"15":2,"16":2,"17":2,"18":2,"19":2,"20":2},"b":{"1":[0,2]},"f":{"1":2,"2":2,"3":2,"4":2,"5":2,"6":2},"fnMap":{"1":{"name":"(anonymous_1)","line":28,"loc":{"start":{"line":28,"column":13},"end":{"line":28,"column":26}}},"2":{"name":"(anonymous_2)","line":40,"loc":{"start":{"line":40,"column":14},"end":{"line":40,"column":17}}},"3":{"name":"(anonymous_3)","line":44,"loc":{"start":{"line":44,"column":11},"end":{"line":44,"column":14}}},"4":{"name":"(anonymous_4)","line":48,"loc":{"start":{"line":48,"column":13},"end":{"line":48,"column":16}}},"5":{"name":"(anonymous_5)","line":52,"loc":{"start":{"line":52,"column":9},"end":{"line":52,"column":12}}},"6":{"name":"(anonymous_6)","line":56,"loc":{"start":{"line":56,"column":5},"end":{"line":56,"column":8}}}},"statementMap":{"1":{"start":{"line":17,"column":0},"end":{"line":17,"column":44}},"2":{"start":{"line":18,"column":0},"end":{"line":18,"column":39}},"3":{"start":{"line":19,"column":0},"end":{"line":19,"column":29}},"4":{"start":{"line":20,"column":0},"end":{"line":20,"column":23}},"5":{"start":{"line":21,"column":0},"end":{"line":21,"column":31}},"6":{"start":{"line":22,"column":0},"end":{"line":22,"column":47}},"7":{"start":{"line":24,"column":0},"end":{"line":24,"column":30}},"8":{"start":{"line":26,"column":0},"end":{"line":59,"column":2}},"9":{"start":{"line":29,"column":4},"end":{"line":29,"column":22}},"10":{"start":{"line":30,"column":4},"end":{"line":30,"column":91}},"11":{"start":{"line":30,"column":22},"end":{"line":30,"column":91}},"12":{"start":{"line":31,"column":4},"end":{"line":31,"column":30}},"13":{"start":{"line":32,"column":4},"end":{"line":32,"column":31}},"14":{"start":{"line":33,"column":4},"end":{"line":33,"column":69}},"15":{"start":{"line":34,"column":4},"end":{"line":34,"column":66}},"16":{"start":{"line":35,"column":4},"end":{"line":35,"column":33}},"17":{"start":{"line":36,"column":4},"end":{"line":36,"column":41}},"18":{"start":{"line":37,"column":4},"end":{"line":37,"column":71}},"19":{"start":{"line":49,"column":4},"end":{"line":49,"column":25}},"20":{"start":{"line":53,"column":4},"end":{"line":53,"column":36}}},"branchMap":{"1":{"line":30,"type":"if","locations":[{"start":{"line":30,"column":4},"end":{"line":30,"column":4}},{"start":{"line":30,"column":4},"end":{"line":30,"column":4}}]}}},"/home/travis/build/arf/java-codegen-spring/generator-spring/lib/defaults.js":{"path":"/home/travis/build/arf/java-codegen-spring/generator-spring/lib/defaults.js","s":{"1":1,"2":1,"3":1,"4":1},"b":{},"f":{"1":1},"fnMap":{"1":{"name":"(anonymous_1)","line":26,"loc":{"start":{"line":26,"column":13},"end":{"line":26,"column":16}}}},"statementMap":{"1":{"start":{"line":19,"column":0},"end":{"line":19,"column":59}},"2":{"start":{"line":22,"column":0},"end":{"line":23,"column":2}},"3":{"start":{"line":25,"column":0},"end":{"line":29,"column":1}},"4":{"start":{"line":27,"column":4},"end":{"line":27,"column":20}}},"branchMap":{}},"/home/travis/build/arf/java-codegen-spring/generator-spring/generators/prompts/spring.js":{"path":"/home/travis/build/arf/java-codegen-spring/generator-spring/generators/prompts/spring.js","s":{"1":1,"2":1,"3":0,"4":0,"5":0,"6":1,"7":0,"8":1,"9":0,"10":0,"11":0,"12":0,"13":0,"14":0,"15":0,"16":1,"17":0,"18":0,"19":1,"20":0,"21":1,"22":0,"23":1},"b":{"1":[0,0],"2":[0,0]},"f":{"1":0,"2":0,"3":0,"4":0,"5":0,"6":0},"fnMap":{"1":{"name":"Extension","line":21,"loc":{"start":{"line":21,"column":0},"end":{"line":21,"column":27}}},"2":{"name":"(anonymous_2)","line":27,"loc":{"start":{"line":27,"column":32},"end":{"line":27,"column":43}}},"3":{"name":"(anonymous_3)","line":35,"loc":{"start":{"line":35,"column":27},"end":{"line":35,"column":45}}},"4":{"name":"(anonymous_4)","line":49,"loc":{"start":{"line":49,"column":35},"end":{"line":49,"column":46}}},"5":{"name":"(anonymous_5)","line":93,"loc":{"start":{"line":93,"column":33},"end":{"line":93,"column":47}}},"6":{"name":"(anonymous_6)","line":97,"loc":{"start":{"line":97,"column":34},"end":{"line":97,"column":60}}}},"statementMap":{"1":{"start":{"line":19,"column":0},"end":{"line":19,"column":34}},"2":{"start":{"line":21,"column":0},"end":{"line":25,"column":1}},"3":{"start":{"line":22,"column":2},"end":{"line":22,"column":22}},"4":{"start":{"line":23,"column":2},"end":{"line":23,"column":23}},"5":{"start":{"line":24,"column":2},"end":{"line":24,"column":27}},"6":{"start":{"line":27,"column":0},"end":{"line":33,"column":1}},"7":{"start":{"line":28,"column":2},"end":{"line":32,"column":4}},"8":{"start":{"line":35,"column":0},"end":{"line":47,"column":1}},"9":{"start":{"line":36,"column":2},"end":{"line":36,"column":21}},"10":{"start":{"line":37,"column":2},"end":{"line":45,"column":3}},"11":{"start":{"line":38,"column":4},"end":{"line":42,"column":5}},"12":{"start":{"line":39,"column":6},"end":{"line":39,"column":50}},"13":{"start":{"line":41,"column":6},"end":{"line":41,"column":54}},"14":{"start":{"line":44,"column":4},"end":{"line":44,"column":52}},"15":{"start":{"line":46,"column":2},"end":{"line":46,"column":16}},"16":{"start":{"line":49,"column":0},"end":{"line":91,"column":1}},"17":{"start":{"line":50,"column":2},"end":{"line":90,"column":5}},"18":{"start":{"line":83,"column":30},"end":{"line":83,"column":52}},"19":{"start":{"line":93,"column":0},"end":{"line":95,"column":1}},"20":{"start":{"line":94,"column":2},"end":{"line":94,"column":21}},"21":{"start":{"line":97,"column":0},"end":{"line":99,"column":1}},"22":{"start":{"line":98,"column":2},"end":{"line":98,"column":39}},"23":{"start":{"line":101,"column":0},"end":{"line":101,"column":37}}},"branchMap":{"1":{"line":37,"type":"if","locations":[{"start":{"line":37,"column":2},"end":{"line":37,"column":2}},{"start":{"line":37,"column":2},"end":{"line":37,"column":2}}]},"2":{"line":38,"type":"if","locations":[{"start":{"line":38,"column":4},"end":{"line":38,"column":4}},{"start":{"line":38,"column":4},"end":{"line":38,"column":4}}]}}}}