TN:
SF:/home/travis/build/arf/java-codegen-spring/generator-spring/lib/assert.openapi.js
FN:26,AssertOpenApi
FN:27,(anonymous_2)
FN:30,(anonymous_3)
FN:43,(anonymous_4)
FN:61,(anonymous_5)
FN:71,(anonymous_6)
FN:75,(anonymous_7)
FNF:7
FNH:5
FNDA:8,AssertOpenApi
FNDA:8,(anonymous_2)
FNDA:8,(anonymous_3)
FNDA:6,(anonymous_4)
FNDA:2,(anonymous_5)
FNDA:0,(anonymous_6)
FNDA:0,(anonymous_7)
DA:22,1
DA:23,1
DA:24,1
DA:26,1
DA:27,8
DA:28,8
DA:29,8
DA:30,8
DA:31,8
DA:42,8
DA:43,6
DA:44,6
DA:60,8
DA:61,2
DA:62,2
DA:71,8
DA:72,0
DA:75,8
DA:76,0
DA:80,1
LF:20
LH:18
BRDA:28,1,0,6
BRDA:28,1,1,2
BRDA:29,2,0,6
BRDA:29,2,1,2
BRDA:42,3,0,6
BRDA:42,3,1,2
BRDA:60,4,0,2
BRDA:60,4,1,6
BRF:8
BRH:8
end_of_record
TN:
SF:/home/travis/build/arf/java-codegen-spring/generator-spring/lib/assert.spring.js
FN:29,getCheck
FN:37,getBuildCheck
FN:43,AssertSpring
FN:44,(anonymous_4)
FN:46,(anonymous_5)
FN:51,(anonymous_6)
FN:54,(anonymous_7)
FN:63,(anonymous_8)
FN:64,(anonymous_9)
FN:80,(anonymous_10)
FN:82,(anonymous_11)
FNF:11
FNH:11
FNDA:4,getCheck
FNDA:6,getBuildCheck
FNDA:6,AssertSpring
FNDA:2,(anonymous_4)
FNDA:2,(anonymous_5)
FNDA:4,(anonymous_6)
FNDA:2,(anonymous_7)
FNDA:2,(anonymous_8)
FNDA:2,(anonymous_9)
FNDA:2,(anonymous_10)
FNDA:2,(anonymous_11)
DA:22,1
DA:23,1
DA:25,1
DA:26,1
DA:29,1
DA:30,4
DA:37,1
DA:38,6
DA:43,1
DA:44,6
DA:45,2
DA:46,2
DA:47,2
DA:51,6
DA:52,4
DA:53,4
DA:54,2
DA:55,2
DA:58,4
DA:59,2
DA:63,6
DA:64,2
DA:65,2
DA:66,2
DA:67,1
DA:69,2
DA:70,1
DA:71,1
DA:72,1
DA:73,1
DA:74,1
DA:75,1
DA:80,6
DA:81,2
DA:82,2
DA:83,2
DA:88,1
LF:37
LH:37
BRDA:31,1,0,4
BRDA:31,1,1,0
BRDA:32,2,0,4
BRDA:32,2,1,0
BRDA:33,3,0,4
BRDA:33,3,1,0
BRDA:39,4,0,6
BRDA:39,4,1,0
BRDA:53,5,0,2
BRDA:53,5,1,2
BRDA:58,6,0,2
BRDA:58,6,1,2
BRDA:66,7,0,1
BRDA:66,7,1,1
BRDA:69,8,0,1
BRDA:69,8,1,1
BRF:16
BRH:12
end_of_record
TN:
SF:/home/travis/build/arf/java-codegen-spring/generator-spring/generators/app/index.js
FN:29,(anonymous_1)
FN:42,(anonymous_2)
FN:46,(anonymous_3)
FN:50,(anonymous_4)
FN:60,(anonymous_5)
FN:67,(anonymous_6)
FNF:6
FNH:6
FNDA:14,(anonymous_1)
FNDA:14,(anonymous_2)
FNDA:14,(anonymous_3)
FNDA:14,(anonymous_4)
FNDA:14,(anonymous_5)
FNDA:14,(anonymous_6)
DA:17,1
DA:18,1
DA:19,1
DA:20,1
DA:21,1
DA:22,1
DA:23,1
DA:25,1
DA:27,1
DA:30,14
DA:31,14
DA:32,14
DA:33,14
DA:34,14
DA:35,14
DA:36,14
DA:37,14
DA:38,14
DA:39,14
DA:51,14
DA:52,14
DA:53,6
DA:55,6
DA:61,14
DA:62,6
DA:64,14
LF:26
LH:26
BRDA:31,1,0,0
BRDA:31,1,1,14
BRDA:52,2,0,6
BRDA:52,2,1,8
BRDA:52,3,0,14
BRDA:52,3,1,6
BRDA:52,3,2,6
BRDA:61,4,0,6
BRDA:61,4,1,8
BRF:9
BRH:8
end_of_record
TN:
SF:/home/travis/build/arf/java-codegen-spring/generator-spring/lib/defaults.js
FN:26,(anonymous_1)
FNF:1
FNH:1
FNDA:1,(anonymous_1)
DA:19,1
DA:22,1
DA:25,1
DA:27,1
LF:4
LH:4
BRF:0
BRH:0
end_of_record
TN:
SF:/home/travis/build/arf/java-codegen-spring/generator-spring/lib/openapi.js
FN:35,(anonymous_1)
FN:54,(anonymous_2)
FN:62,(anonymous_3)
FN:68,(anonymous_4)
FN:79,(anonymous_5)
FN:89,checkUntilFinished
FN:108,getStatusAsync
FN:130,(anonymous_8)
FNF:8
FNH:8
FNDA:6,(anonymous_1)
FNDA:10,(anonymous_2)
FNDA:6,(anonymous_3)
FNDA:10,(anonymous_4)
FNDA:10,(anonymous_5)
FNDA:20,checkUntilFinished
FNDA:20,getStatusAsync
FNDA:10,(anonymous_8)
DA:19,1
DA:20,1
DA:21,1
DA:22,1
DA:23,1
DA:24,1
DA:25,1
DA:26,1
DA:27,1
DA:28,1
DA:30,1
DA:31,1
DA:33,1
DA:35,1
DA:36,6
DA:37,6
DA:38,6
DA:39,6
DA:40,6
DA:41,6
DA:42,10
DA:44,10
DA:45,10
DA:46,6
DA:51,6
DA:54,1
DA:55,10
DA:57,10
DA:58,10
DA:62,1
DA:63,6
DA:64,10
DA:68,1
DA:69,10
DA:70,10
DA:71,10
DA:80,10
DA:81,10
DA:82,10
DA:84,0
DA:86,10
DA:87,10
DA:89,1
DA:90,20
DA:91,20
DA:92,20
DA:94,20
DA:95,10
DA:96,10
DA:98,10
DA:99,10
DA:101,0
DA:108,1
DA:109,20
DA:110,20
DA:115,20
DA:116,20
DA:118,10
DA:122,0
DA:125,10
DA:130,1
DA:131,10
DA:134,10
DA:135,10
DA:136,10
DA:137,10
DA:138,10
DA:143,0
DA:147,10
DA:149,10
DA:154,1
LF:71
LH:67
BRDA:36,1,0,6
BRDA:36,1,1,0
BRDA:45,2,0,6
BRDA:45,2,1,4
BRDA:81,3,0,10
BRDA:81,3,1,0
BRDA:81,4,0,10
BRDA:81,4,1,10
BRDA:90,5,0,20
BRDA:90,5,1,10
BRDA:94,6,0,10
BRDA:94,6,1,10
BRDA:98,7,0,10
BRDA:98,7,1,0
BRDA:116,8,0,10
BRDA:116,8,1,0
BRDA:116,8,2,0
BRDA:116,8,3,10
BRF:18
BRH:13
end_of_record
TN:
SF:/home/travis/build/arf/java-codegen-spring/generator-spring/generators/prompts/spring.js
FN:21,Extension
FN:27,(anonymous_2)
FN:35,(anonymous_3)
FN:49,(anonymous_4)
FN:93,(anonymous_5)
FN:97,(anonymous_6)
FNF:6
FNH:0
FNDA:0,Extension
FNDA:0,(anonymous_2)
FNDA:0,(anonymous_3)
FNDA:0,(anonymous_4)
FNDA:0,(anonymous_5)
FNDA:0,(anonymous_6)
DA:19,1
DA:21,1
DA:22,0
DA:23,0
DA:24,0
DA:27,1
DA:28,0
DA:35,1
DA:36,0
DA:37,0
DA:38,0
DA:39,0
DA:41,0
DA:44,0
DA:46,0
DA:49,1
DA:50,0
DA:83,0
DA:93,1
DA:94,0
DA:97,1
DA:98,0
DA:101,1
LF:23
LH:8
BRDA:37,1,0,0
BRDA:37,1,1,0
BRDA:38,2,0,0
BRDA:38,2,1,0
BRF:4
BRH:0
end_of_record
