TN:
SF:/home/travis/build/arf/java-codegen-spring/generator-spring/lib/assert.openapi.js
FN:28,AssertOpenApi
FN:29,(anonymous_2)
FN:34,(anonymous_3)
FN:35,(anonymous_4)
FN:38,(anonymous_5)
FN:47,(anonymous_6)
FN:52,(anonymous_7)
FN:59,(anonymous_8)
FN:72,(anonymous_9)
FN:90,(anonymous_10)
FN:99,(anonymous_11)
FN:111,(anonymous_12)
FN:115,(anonymous_13)
FNF:13
FNH:11
FNDA:8,AssertOpenApi
FNDA:8,(anonymous_2)
FNDA:8,(anonymous_3)
FNDA:8,(anonymous_4)
FNDA:8,(anonymous_5)
FNDA:8,(anonymous_6)
FNDA:8,(anonymous_7)
FNDA:8,(anonymous_8)
FNDA:6,(anonymous_9)
FNDA:2,(anonymous_10)
FNDA:8,(anonymous_11)
FNDA:0,(anonymous_12)
FNDA:0,(anonymous_13)
DA:22,1
DA:23,1
DA:24,1
DA:25,1
DA:26,1
DA:28,1
DA:29,8
DA:30,8
DA:31,8
DA:34,8
DA:35,8
DA:36,8
DA:38,8
DA:39,8
DA:40,6
DA:42,2
DA:47,8
DA:48,8
DA:49,8
DA:50,8
DA:51,8
DA:52,8
DA:53,8
DA:54,6
DA:56,2
DA:59,8
DA:60,8
DA:71,8
DA:72,6
DA:73,6
DA:89,8
DA:90,2
DA:91,2
DA:99,8
DA:100,8
DA:101,8
DA:102,8
DA:104,8
DA:105,8
DA:106,8
DA:107,8
DA:108,8
DA:111,8
DA:112,0
DA:115,8
DA:116,0
DA:120,1
LF:47
LH:45
BRDA:39,1,0,6
BRDA:39,1,1,2
BRDA:48,2,0,6
BRDA:48,2,1,2
BRDA:49,3,0,6
BRDA:49,3,1,2
BRDA:50,4,0,6
BRDA:50,4,1,2
BRDA:51,5,0,6
BRDA:51,5,1,2
BRDA:53,6,0,6
BRDA:53,6,1,2
BRDA:71,7,0,6
BRDA:71,7,1,2
BRDA:89,8,0,2
BRDA:89,8,1,6
BRDA:104,9,0,6
BRDA:104,9,1,2
BRF:18
BRH:18
end_of_record
TN:
SF:/home/travis/build/arf/java-codegen-spring/generator-spring/lib/assert.spring.js
FN:31,getCheck
FN:39,getBuildCheck
FN:45,AssertSpring
FN:46,(anonymous_4)
FN:48,(anonymous_5)
FN:51,(anonymous_6)
FN:56,(anonymous_7)
FN:59,(anonymous_8)
FN:68,(anonymous_9)
FN:69,(anonymous_10)
FN:85,(anonymous_11)
FN:87,(anonymous_12)
FN:92,(anonymous_13)
FN:94,(anonymous_14)
FNF:14
FNH:14
FNDA:6,getCheck
FNDA:4,getBuildCheck
FNDA:5,AssertSpring
FNDA:2,(anonymous_4)
FNDA:2,(anonymous_5)
FNDA:2,(anonymous_6)
FNDA:2,(anonymous_7)
FNDA:1,(anonymous_8)
FNDA:2,(anonymous_9)
FNDA:2,(anonymous_10)
FNDA:2,(anonymous_11)
FNDA:2,(anonymous_12)
FNDA:2,(anonymous_13)
FNDA:2,(anonymous_14)
DA:22,1
DA:23,1
DA:25,1
DA:26,1
DA:27,1
DA:28,1
DA:31,1
DA:32,6
DA:39,1
DA:40,4
DA:45,1
DA:46,5
DA:47,2
DA:48,2
DA:49,2
DA:51,2
DA:52,2
DA:56,5
DA:57,2
DA:58,2
DA:59,1
DA:60,1
DA:63,2
DA:64,1
DA:68,5
DA:69,2
DA:70,2
DA:71,2
DA:72,1
DA:74,2
DA:75,1
DA:76,1
DA:77,1
DA:78,1
DA:79,1
DA:80,1
DA:85,5
DA:86,2
DA:87,2
DA:88,2
DA:92,5
DA:93,2
DA:94,2
DA:95,2
DA:100,1
LF:45
LH:45
BRDA:33,1,0,6
BRDA:33,1,1,0
BRDA:34,2,0,6
BRDA:34,2,1,0
BRDA:35,3,0,6
BRDA:35,3,1,0
BRDA:41,4,0,4
BRDA:41,4,1,0
BRDA:58,5,0,1
BRDA:58,5,1,1
BRDA:63,6,0,1
BRDA:63,6,1,1
BRDA:71,7,0,1
BRDA:71,7,1,1
BRDA:74,8,0,1
BRDA:74,8,1,1
BRF:16
BRH:12
end_of_record
TN:
SF:/home/travis/build/arf/java-codegen-spring/generator-spring/generators/app/index.js
FN:29,(anonymous_1)
FN:42,(anonymous_2)
FN:46,(anonymous_3)
FN:50,(anonymous_4)
FN:60,(anonymous_5)
FN:67,(anonymous_6)
FNF:6
FNH:6
FNDA:13,(anonymous_1)
FNDA:13,(anonymous_2)
FNDA:13,(anonymous_3)
FNDA:13,(anonymous_4)
FNDA:13,(anonymous_5)
FNDA:13,(anonymous_6)
DA:17,1
DA:18,1
DA:19,1
DA:20,1
DA:21,1
DA:22,1
DA:23,1
DA:25,1
DA:27,1
DA:30,13
DA:31,13
DA:32,13
DA:33,13
DA:34,13
DA:35,13
DA:36,13
DA:37,13
DA:38,13
DA:39,13
DA:51,13
DA:52,13
DA:53,6
DA:55,6
DA:61,13
DA:62,6
DA:64,13
LF:26
LH:26
BRDA:31,1,0,0
BRDA:31,1,1,13
BRDA:52,2,0,6
BRDA:52,2,1,7
BRDA:52,3,0,13
BRDA:52,3,1,6
BRDA:52,3,2,6
BRDA:61,4,0,6
BRDA:61,4,1,7
BRF:9
BRH:8
end_of_record
TN:
SF:/home/travis/build/arf/java-codegen-spring/generator-spring/lib/defaults.js
FN:26,(anonymous_1)
FNF:1
FNH:1
FNDA:1,(anonymous_1)
DA:19,1
DA:22,1
DA:25,1
DA:27,1
LF:4
LH:4
BRF:0
BRH:0
end_of_record
TN:
SF:/home/travis/build/arf/java-codegen-spring/generator-spring/lib/openapi.js
FN:35,(anonymous_1)
FN:54,(anonymous_2)
FN:62,(anonymous_3)
FN:68,(anonymous_4)
FN:79,(anonymous_5)
FN:89,checkUntilFinished
FN:108,getStatusAsync
FN:130,(anonymous_8)
FNF:8
FNH:8
FNDA:6,(anonymous_1)
FNDA:10,(anonymous_2)
FNDA:6,(anonymous_3)
FNDA:10,(anonymous_4)
FNDA:10,(anonymous_5)
FNDA:23,checkUntilFinished
FNDA:23,getStatusAsync
FNDA:10,(anonymous_8)
DA:19,1
DA:20,1
DA:21,1
DA:22,1
DA:23,1
DA:24,1
DA:25,1
DA:26,1
DA:27,1
DA:28,1
DA:30,1
DA:31,1
DA:33,1
DA:35,1
DA:36,6
DA:37,6
DA:38,6
DA:39,6
DA:40,6
DA:41,6
DA:42,10
DA:44,10
DA:45,10
DA:46,6
DA:51,6
DA:54,1
DA:55,10
DA:57,10
DA:58,10
DA:62,1
DA:63,6
DA:64,10
DA:68,1
DA:69,10
DA:70,10
DA:71,10
DA:80,10
DA:81,10
DA:82,10
DA:84,0
DA:86,10
DA:87,10
DA:89,1
DA:90,23
DA:91,23
DA:92,23
DA:94,23
DA:95,10
DA:96,10
DA:98,13
DA:99,13
DA:101,0
DA:108,1
DA:109,23
DA:110,23
DA:115,23
DA:116,23
DA:118,10
DA:122,0
DA:125,13
DA:130,1
DA:131,10
DA:134,10
DA:135,10
DA:136,10
DA:137,10
DA:138,10
DA:143,0
DA:147,10
DA:149,10
DA:154,1
LF:71
LH:67
BRDA:36,1,0,6
BRDA:36,1,1,0
BRDA:45,2,0,6
BRDA:45,2,1,4
BRDA:81,3,0,10
BRDA:81,3,1,0
BRDA:81,4,0,10
BRDA:81,4,1,10
BRDA:90,5,0,23
BRDA:90,5,1,10
BRDA:94,6,0,10
BRDA:94,6,1,13
BRDA:98,7,0,13
BRDA:98,7,1,0
BRDA:116,8,0,10
BRDA:116,8,1,0
BRDA:116,8,2,0
BRDA:116,8,3,13
BRF:18
BRH:13
end_of_record
TN:
SF:/home/travis/build/arf/java-codegen-spring/generator-spring/generators/prompts/spring.js
FN:21,Extension
FN:27,(anonymous_2)
FN:35,(anonymous_3)
FN:49,(anonymous_4)
FN:93,(anonymous_5)
FN:97,(anonymous_6)
FNF:6
FNH:0
FNDA:0,Extension
FNDA:0,(anonymous_2)
FNDA:0,(anonymous_3)
FNDA:0,(anonymous_4)
FNDA:0,(anonymous_5)
FNDA:0,(anonymous_6)
DA:19,1
DA:21,1
DA:22,0
DA:23,0
DA:24,0
DA:27,1
DA:28,0
DA:35,1
DA:36,0
DA:37,0
DA:38,0
DA:39,0
DA:41,0
DA:44,0
DA:46,0
DA:49,1
DA:50,0
DA:83,0
DA:93,1
DA:94,0
DA:97,1
DA:98,0
DA:101,1
LF:23
LH:8
BRDA:37,1,0,0
BRDA:37,1,1,0
BRDA:38,2,0,0
BRDA:38,2,1,0
BRF:4
BRH:0
end_of_record
